[ 2016-06-25T15:40:02+08:00 ] 0.0.0.0 /law_office/
INFO: [ app_begin ] --START--
INFO: ReadHtmlCache Behavior ::run [ RunTime:0.011945s ]
INFO: [ app_begin ] --END-- [ RunTime:0.012082s ]
NOTIC: [8] A session had already been started - ignoring session_start() D:\Demophp\law_office\APP\Modules\Admin\Action\IndexAction.class.php 第 5 行.
INFO: [ view_parse ] --START--
INFO: ParseTemplate Behavior ::run [ RunTime:0.058062s ]
INFO: [ view_parse ] --END-- [ RunTime:0.058175s ]
INFO: [ view_filter ] --START--
INFO: ContentReplace Behavior ::run [ RunTime:0.006783s ]
INFO: TokenBuild Behavior ::run [ RunTime:0.000754s ]
INFO: WriteHtmlCache Behavior ::run [ RunTime:0.011802s ]
INFO: ShowRuntime Behavior ::run [ RunTime:0.000752s ]
INFO: [ view_filter ] --END-- [ RunTime:0.020376s ]
INFO: [ view_end ] --START--
INFO: ShowPageTrace Behavior ::run [ RunTime:0.008803s ]
INFO: [ view_end ] --END-- [ RunTime:0.008938s ]

[ 2016-06-25T15:40:18+08:00 ] 0.0.0.0 /law_office/index.php/Admin/Index/login
INFO: [ route_check ] --START--
INFO: CheckRoute Behavior ::run [ RunTime:0.025063s ]
INFO: [ route_check ] --END-- [ RunTime:0.025175s ]
INFO: [ app_begin ] --START--
INFO: ReadHtmlCache Behavior ::run [ RunTime:0.000760s ]
INFO: [ app_begin ] --END-- [ RunTime:0.000928s ]
NOTIC: [8] A session had already been started - ignoring session_start() D:\Demophp\law_office\APP\Modules\Admin\Action\IndexAction.class.php 第 5 行.
SQL: SHOW COLUMNS FROM `law_user` [ RunTime:0.047516s ]
SQL: SELECT * FROM `law_user`  [ RunTime:0.000295s ]
INFO: [ view_parse ] --START--
INFO: ParseTemplate Behavior ::run [ RunTime:0.022458s ]
INFO: [ view_parse ] --END-- [ RunTime:0.022698s ]
INFO: [ view_filter ] --START--
INFO: ContentReplace Behavior ::run [ RunTime:0.000722s ]
INFO: TokenBuild Behavior ::run [ RunTime:0.001842s ]
INFO: WriteHtmlCache Behavior ::run [ RunTime:0.000633s ]
INFO: ShowRuntime Behavior ::run [ RunTime:0.002020s ]
INFO: [ view_filter ] --END-- [ RunTime:0.006310s ]
INFO: [ view_end ] --START--
INFO: ShowPageTrace Behavior ::run [ RunTime:0.001334s ]
INFO: [ view_end ] --END-- [ RunTime:0.001628s ]
NOTIC: [8] Constant THEME_PATH already defined D:\Demophp\law_office\ThinkPHP\Lib\Core\View.class.php 第 151 行.
NOTIC: [8] Constant APP_TMPL_PATH already defined D:\Demophp\law_office\ThinkPHP\Lib\Core\View.class.php 第 152 行.
INFO: [ view_parse ] --START--
INFO: ParseTemplate Behavior ::run [ RunTime:0.003353s ]
INFO: [ view_parse ] --END-- [ RunTime:-0.009144s ]
INFO: [ view_filter ] --START--
INFO: ContentReplace Behavior ::run [ RunTime:0.000093s ]
INFO: TokenBuild Behavior ::run [ RunTime:0.000170s ]
INFO: WriteHtmlCache Behavior ::run [ RunTime:0.000030s ]
INFO: ShowRuntime Behavior ::run [ RunTime:0.000196s ]
INFO: [ view_filter ] --END-- [ RunTime:-0.006360s ]
INFO: [ view_end ] --START--
INFO: ShowPageTrace Behavior ::run [ RunTime:0.000074s ]
INFO: [ view_end ] --END-- [ RunTime:-0.005186s ]

[ 2016-06-25T15:40:19+08:00 ] 0.0.0.0 /law_office/index.php/Content/index
INFO: [ route_check ] --START--
INFO: CheckRoute Behavior ::run [ RunTime:0.000788s ]
INFO: [ route_check ] --END-- [ RunTime:0.000958s ]
INFO: [ app_begin ] --START--
INFO: ReadHtmlCache Behavior ::run [ RunTime:0.000924s ]
INFO: [ app_begin ] --END-- [ RunTime:0.001121s ]
INFO: [ view_parse ] --START--
INFO: ParseTemplate Behavior ::run [ RunTime:0.046985s ]
INFO: [ view_parse ] --END-- [ RunTime:0.047104s ]
INFO: [ view_filter ] --START--
INFO: ContentReplace Behavior ::run [ RunTime:0.000335s ]
INFO: TokenBuild Behavior ::run [ RunTime:0.000305s ]
INFO: WriteHtmlCache Behavior ::run [ RunTime:0.000206s ]
INFO: ShowRuntime Behavior ::run [ RunTime:0.000354s ]
INFO: [ view_filter ] --END-- [ RunTime:0.001407s ]
INFO: [ view_end ] --START--
INFO: ShowPageTrace Behavior ::run [ RunTime:0.000426s ]
INFO: [ view_end ] --END-- [ RunTime:0.000501s ]

[ 2016-06-25T15:40:19+08:00 ] 0.0.0.0 /law_office/index.php/Content/show.html
INFO: [ route_check ] --START--
INFO: CheckRoute Behavior ::run [ RunTime:0.001187s ]
INFO: [ route_check ] --END-- [ RunTime:0.001395s ]
INFO: [ app_begin ] --START--
INFO: ReadHtmlCache Behavior ::run [ RunTime:0.001571s ]
INFO: [ app_begin ] --END-- [ RunTime:0.002047s ]
NOTIC: [8] Constant THEME_NAME already defined D:\Demophp\law_office\ThinkPHP\Lib\Core\View.class.php 第 223 行.
NOTIC: [8] Constant THEME_PATH already defined D:\Demophp\law_office\ThinkPHP\Lib\Core\View.class.php 第 171 行.
NOTIC: [8] Constant APP_TMPL_PATH already defined D:\Demophp\law_office\ThinkPHP\Lib\Core\View.class.php 第 172 行.
INFO: [ view_parse ] --START--
INFO: ParseTemplate Behavior ::run [ RunTime:0.026039s ]
INFO: [ view_parse ] --END-- [ RunTime:0.026255s ]
INFO: [ view_filter ] --START--
INFO: ContentReplace Behavior ::run [ RunTime:0.000719s ]
INFO: TokenBuild Behavior ::run [ RunTime:0.000883s ]
INFO: WriteHtmlCache Behavior ::run [ RunTime:0.000660s ]
INFO: ShowRuntime Behavior ::run [ RunTime:0.000904s ]
INFO: [ view_filter ] --END-- [ RunTime:0.003610s ]
INFO: [ view_end ] --START--
INFO: ShowPageTrace Behavior ::run [ RunTime:0.000997s ]
INFO: [ view_end ] --END-- [ RunTime:0.001150s ]

[ 2016-06-25T15:40:27+08:00 ] 0.0.0.0 /law_office/index.php/Admin/Blog/index
INFO: [ route_check ] --START--
INFO: CheckRoute Behavior ::run [ RunTime:0.001198s ]
INFO: [ route_check ] --END-- [ RunTime:0.001382s ]
INFO: [ app_begin ] --START--
INFO: ReadHtmlCache Behavior ::run [ RunTime:0.000968s ]
INFO: [ app_begin ] --END-- [ RunTime:0.001181s ]
NOTIC: [8] A session had already been started - ignoring session_start() D:\Demophp\law_office\APP\Modules\Admin\Action\BlogAction.class.php 第 3 行.
SQL: SHOW COLUMNS FROM `law_blog` [ RunTime:0.031619s ]
SQL: SELECT COUNT(*) AS tp_count FROM `law_blog` WHERE ( `del` = 0 ) LIMIT 1   [ RunTime:0.001111s ]
SQL: SELECT * FROM `law_blog` WHERE ( `del` = 0 ) ORDER BY time DESC LIMIT 0,24   [ RunTime:0.001371s ]
SQL: SELECT * FROM `law_blog` WHERE ( `del` = 0 ) ORDER BY time DESC LIMIT 0,4   [ RunTime:0.000959s ]
INFO: [ view_parse ] --START--
INFO: ParseTemplate Behavior ::run [ RunTime:0.026720s ]
INFO: [ view_parse ] --END-- [ RunTime:0.026955s ]
INFO: [ view_filter ] --START--
INFO: ContentReplace Behavior ::run [ RunTime:0.001404s ]
INFO: TokenBuild Behavior ::run [ RunTime:0.000752s ]
INFO: WriteHtmlCache Behavior ::run [ RunTime:0.000826s ]
INFO: ShowRuntime Behavior ::run [ RunTime:0.000882s ]
INFO: [ view_filter ] --END-- [ RunTime:0.004341s ]
INFO: [ view_end ] --START--
INFO: ShowPageTrace Behavior ::run [ RunTime:0.000836s ]
INFO: [ view_end ] --END-- [ RunTime:0.000968s ]

[ 2016-06-25T15:40:34+08:00 ] 0.0.0.0 /law_office/index.php/Admin/Blog/content/id/21
INFO: [ route_check ] --START--
INFO: CheckRoute Behavior ::run [ RunTime:0.000767s ]
INFO: [ route_check ] --END-- [ RunTime:0.000898s ]
INFO: [ app_begin ] --START--
INFO: ReadHtmlCache Behavior ::run [ RunTime:0.000485s ]
INFO: [ app_begin ] --END-- [ RunTime:0.000577s ]
NOTIC: [8] A session had already been started - ignoring session_start() D:\Demophp\law_office\APP\Modules\Admin\Action\BlogAction.class.php 第 3 行.
SQL: SHOW COLUMNS FROM `law_blog` [ RunTime:0.002266s ]
SQL: SELECT * FROM `law_blog` WHERE ( `id` = 21 )  [ RunTime:0.000264s ]
INFO: [ view_parse ] --START--
INFO: ParseTemplate Behavior ::run [ RunTime:0.054813s ]
INFO: [ view_parse ] --END-- [ RunTime:0.055038s ]
INFO: [ view_filter ] --START--
INFO: ContentReplace Behavior ::run [ RunTime:0.001116s ]
INFO: TokenBuild Behavior ::run [ RunTime:0.001045s ]
INFO: WriteHtmlCache Behavior ::run [ RunTime:0.000692s ]
INFO: ShowRuntime Behavior ::run [ RunTime:0.001412s ]
INFO: [ view_filter ] --END-- [ RunTime:0.005027s ]
INFO: [ view_end ] --START--
INFO: ShowPageTrace Behavior ::run [ RunTime:0.001464s ]
INFO: [ view_end ] --END-- [ RunTime:0.001782s ]

[ 2016-06-25T15:40:37+08:00 ] 0.0.0.0 /law_office/index.php/Admin/Blog/index
INFO: [ route_check ] --START--
INFO: CheckRoute Behavior ::run [ RunTime:0.000757s ]
INFO: [ route_check ] --END-- [ RunTime:0.000885s ]
INFO: [ app_begin ] --START--
INFO: ReadHtmlCache Behavior ::run [ RunTime:0.000789s ]
INFO: [ app_begin ] --END-- [ RunTime:0.000961s ]
NOTIC: [8] A session had already been started - ignoring session_start() D:\Demophp\law_office\APP\Modules\Admin\Action\BlogAction.class.php 第 3 行.
SQL: SHOW COLUMNS FROM `law_blog` [ RunTime:0.002517s ]
SQL: SELECT COUNT(*) AS tp_count FROM `law_blog` WHERE ( `del` = 0 ) LIMIT 1   [ RunTime:0.000259s ]
SQL: SELECT * FROM `law_blog` WHERE ( `del` = 0 ) ORDER BY time DESC LIMIT 0,24   [ RunTime:0.000345s ]
SQL: SELECT * FROM `law_blog` WHERE ( `del` = 0 ) ORDER BY time DESC LIMIT 0,4   [ RunTime:0.000250s ]
INFO: [ view_parse ] --START--
INFO: ParseTemplate Behavior ::run [ RunTime:0.015577s ]
INFO: [ view_parse ] --END-- [ RunTime:0.015712s ]
INFO: [ view_filter ] --START--
INFO: ContentReplace Behavior ::run [ RunTime:0.000479s ]
INFO: TokenBuild Behavior ::run [ RunTime:0.000382s ]
INFO: WriteHtmlCache Behavior ::run [ RunTime:0.000245s ]
INFO: ShowRuntime Behavior ::run [ RunTime:0.000471s ]
INFO: [ view_filter ] --END-- [ RunTime:0.001848s ]
INFO: [ view_end ] --START--
INFO: ShowPageTrace Behavior ::run [ RunTime:0.000542s ]
INFO: [ view_end ] --END-- [ RunTime:0.000629s ]

[ 2016-06-25T15:40:51+08:00 ] 0.0.0.0 /law_office/index.php/Admin/Blog/content/id/20
INFO: [ route_check ] --START--
INFO: CheckRoute Behavior ::run [ RunTime:0.000677s ]
INFO: [ route_check ] --END-- [ RunTime:0.000827s ]
INFO: [ app_begin ] --START--
INFO: ReadHtmlCache Behavior ::run [ RunTime:0.000522s ]
INFO: [ app_begin ] --END-- [ RunTime:0.000649s ]
NOTIC: [8] A session had already been started - ignoring session_start() D:\Demophp\law_office\APP\Modules\Admin\Action\BlogAction.class.php 第 3 行.
SQL: SHOW COLUMNS FROM `law_blog` [ RunTime:0.002352s ]
SQL: SELECT * FROM `law_blog` WHERE ( `id` = 20 )  [ RunTime:0.000253s ]
INFO: [ view_parse ] --START--
INFO: ParseTemplate Behavior ::run [ RunTime:0.007442s ]
INFO: [ view_parse ] --END-- [ RunTime:0.007551s ]
INFO: [ view_filter ] --START--
INFO: ContentReplace Behavior ::run [ RunTime:0.000386s ]
INFO: TokenBuild Behavior ::run [ RunTime:0.000361s ]
INFO: WriteHtmlCache Behavior ::run [ RunTime:0.000246s ]
INFO: ShowRuntime Behavior ::run [ RunTime:0.000478s ]
INFO: [ view_filter ] --END-- [ RunTime:0.001742s ]
INFO: [ view_end ] --START--
INFO: ShowPageTrace Behavior ::run [ RunTime:0.000565s ]
INFO: [ view_end ] --END-- [ RunTime:0.000660s ]

[ 2016-06-25T15:40:56+08:00 ] 0.0.0.0 /law_office/index.php/Admin/Blog/index
INFO: [ route_check ] --START--
INFO: CheckRoute Behavior ::run [ RunTime:0.000629s ]
INFO: [ route_check ] --END-- [ RunTime:0.000745s ]
INFO: [ app_begin ] --START--
INFO: ReadHtmlCache Behavior ::run [ RunTime:0.000452s ]
INFO: [ app_begin ] --END-- [ RunTime:0.000546s ]
NOTIC: [8] A session had already been started - ignoring session_start() D:\Demophp\law_office\APP\Modules\Admin\Action\BlogAction.class.php 第 3 行.
SQL: SHOW COLUMNS FROM `law_blog` [ RunTime:0.002364s ]
SQL: SELECT COUNT(*) AS tp_count FROM `law_blog` WHERE ( `del` = 0 ) LIMIT 1   [ RunTime:0.000265s ]
SQL: SELECT * FROM `law_blog` WHERE ( `del` = 0 ) ORDER BY time DESC LIMIT 0,24   [ RunTime:0.000315s ]
SQL: SELECT * FROM `law_blog` WHERE ( `del` = 0 ) ORDER BY time DESC LIMIT 0,4   [ RunTime:0.000210s ]
INFO: [ view_parse ] --START--
INFO: ParseTemplate Behavior ::run [ RunTime:0.015617s ]
INFO: [ view_parse ] --END-- [ RunTime:0.015735s ]
INFO: [ view_filter ] --START--
INFO: ContentReplace Behavior ::run [ RunTime:0.000458s ]
INFO: TokenBuild Behavior ::run [ RunTime:0.000384s ]
INFO: WriteHtmlCache Behavior ::run [ RunTime:0.000246s ]
INFO: ShowRuntime Behavior ::run [ RunTime:0.000448s ]
INFO: [ view_filter ] --END-- [ RunTime:0.001789s ]
INFO: [ view_end ] --START--
INFO: ShowPageTrace Behavior ::run [ RunTime:0.000529s ]
INFO: [ view_end ] --END-- [ RunTime:0.000621s ]

[ 2016-06-25T15:40:58+08:00 ] 0.0.0.0 /law_office/index.php/Admin/Blog/trach
INFO: [ route_check ] --START--
INFO: CheckRoute Behavior ::run [ RunTime:0.001133s ]
INFO: [ route_check ] --END-- [ RunTime:0.001326s ]
INFO: [ app_begin ] --START--
INFO: ReadHtmlCache Behavior ::run [ RunTime:0.001289s ]
INFO: [ app_begin ] --END-- [ RunTime:0.001551s ]
NOTIC: [8] A session had already been started - ignoring session_start() D:\Demophp\law_office\APP\Modules\Admin\Action\BlogAction.class.php 第 3 行.
SQL: SHOW COLUMNS FROM `law_blog` [ RunTime:0.003063s ]
SQL: SELECT * FROM `law_blog` WHERE ( del=1 )  [ RunTime:0.000896s ]
INFO: [ view_parse ] --START--
INFO: ParseTemplate Behavior ::run [ RunTime:0.076080s ]
INFO: [ view_parse ] --END-- [ RunTime:0.076300s ]
INFO: [ view_filter ] --START--
INFO: ContentReplace Behavior ::run [ RunTime:0.000330s ]
INFO: TokenBuild Behavior ::run [ RunTime:0.000335s ]
INFO: WriteHtmlCache Behavior ::run [ RunTime:0.000219s ]
INFO: ShowRuntime Behavior ::run [ RunTime:0.000411s ]
INFO: [ view_filter ] --END-- [ RunTime:0.001524s ]
INFO: [ view_end ] --START--
INFO: ShowPageTrace Behavior ::run [ RunTime:0.000887s ]
INFO: [ view_end ] --END-- [ RunTime:0.001018s ]

[ 2016-06-25T15:41:04+08:00 ] 0.0.0.0 /law_office/index.php/Admin/Blog/trach
INFO: [ route_check ] --START--
INFO: CheckRoute Behavior ::run [ RunTime:0.000631s ]
INFO: [ route_check ] --END-- [ RunTime:0.000746s ]
INFO: [ app_begin ] --START--
INFO: ReadHtmlCache Behavior ::run [ RunTime:0.000468s ]
INFO: [ app_begin ] --END-- [ RunTime:0.000566s ]
NOTIC: [8] A session had already been started - ignoring session_start() D:\Demophp\law_office\APP\Modules\Admin\Action\BlogAction.class.php 第 3 行.
SQL: SHOW COLUMNS FROM `law_blog` [ RunTime:0.002214s ]
SQL: SELECT * FROM `law_blog` WHERE ( del=1 )  [ RunTime:0.000325s ]
INFO: [ view_parse ] --START--
INFO: ParseTemplate Behavior ::run [ RunTime:0.008474s ]
INFO: [ view_parse ] --END-- [ RunTime:0.008585s ]
INFO: [ view_filter ] --START--
INFO: ContentReplace Behavior ::run [ RunTime:0.000349s ]
INFO: TokenBuild Behavior ::run [ RunTime:0.000357s ]
INFO: WriteHtmlCache Behavior ::run [ RunTime:0.000241s ]
INFO: ShowRuntime Behavior ::run [ RunTime:0.000462s ]
INFO: [ view_filter ] --END-- [ RunTime:0.001711s ]
INFO: [ view_end ] --START--
INFO: ShowPageTrace Behavior ::run [ RunTime:0.000588s ]
INFO: [ view_end ] --END-- [ RunTime:0.000680s ]

[ 2016-06-25T15:42:23+08:00 ] 0.0.0.0 /law_office/index.php/Content/index
INFO: [ route_check ] --START--
INFO: CheckRoute Behavior ::run [ RunTime:0.001152s ]
INFO: [ route_check ] --END-- [ RunTime:0.001370s ]
INFO: [ app_begin ] --START--
INFO: ReadHtmlCache Behavior ::run [ RunTime:0.000707s ]
INFO: [ app_begin ] --END-- [ RunTime:0.000823s ]
INFO: [ view_parse ] --START--
INFO: ParseTemplate Behavior ::run [ RunTime:0.007111s ]
INFO: [ view_parse ] --END-- [ RunTime:0.007223s ]
INFO: [ view_filter ] --START--
INFO: ContentReplace Behavior ::run [ RunTime:0.000409s ]
INFO: TokenBuild Behavior ::run [ RunTime:0.000401s ]
INFO: WriteHtmlCache Behavior ::run [ RunTime:0.000271s ]
INFO: ShowRuntime Behavior ::run [ RunTime:0.000450s ]
INFO: [ view_filter ] --END-- [ RunTime:0.001742s ]
INFO: [ view_end ] --START--
INFO: ShowPageTrace Behavior ::run [ RunTime:0.000519s ]
INFO: [ view_end ] --END-- [ RunTime:0.000596s ]

[ 2016-06-25T15:42:23+08:00 ] 0.0.0.0 /law_office/index.php/Content/show.html
INFO: [ route_check ] --START--
INFO: CheckRoute Behavior ::run [ RunTime:0.000849s ]
INFO: [ route_check ] --END-- [ RunTime:0.001003s ]
INFO: [ app_begin ] --START--
INFO: ReadHtmlCache Behavior ::run [ RunTime:0.000797s ]
INFO: [ app_begin ] --END-- [ RunTime:0.000964s ]
NOTIC: [8] Constant THEME_NAME already defined D:\Demophp\law_office\ThinkPHP\Lib\Core\View.class.php 第 223 行.
NOTIC: [8] Constant THEME_PATH already defined D:\Demophp\law_office\ThinkPHP\Lib\Core\View.class.php 第 171 行.
NOTIC: [8] Constant APP_TMPL_PATH already defined D:\Demophp\law_office\ThinkPHP\Lib\Core\View.class.php 第 172 行.
INFO: [ view_parse ] --START--
INFO: ParseTemplate Behavior ::run [ RunTime:0.009333s ]
INFO: [ view_parse ] --END-- [ RunTime:0.009492s ]
INFO: [ view_filter ] --START--
INFO: ContentReplace Behavior ::run [ RunTime:0.000495s ]
INFO: TokenBuild Behavior ::run [ RunTime:0.000496s ]
INFO: WriteHtmlCache Behavior ::run [ RunTime:0.000382s ]
INFO: ShowRuntime Behavior ::run [ RunTime:0.000627s ]
INFO: [ view_filter ] --END-- [ RunTime:0.002389s ]
INFO: [ view_end ] --START--
INFO: ShowPageTrace Behavior ::run [ RunTime:0.001370s ]
INFO: [ view_end ] --END-- [ RunTime:0.001565s ]

[ 2016-06-25T15:42:26+08:00 ] 0.0.0.0 /law_office/index.php/Admin/Blog/trach
INFO: [ route_check ] --START--
INFO: CheckRoute Behavior ::run [ RunTime:0.001096s ]
INFO: [ route_check ] --END-- [ RunTime:0.001289s ]
INFO: [ app_begin ] --START--
INFO: ReadHtmlCache Behavior ::run [ RunTime:0.001554s ]
INFO: [ app_begin ] --END-- [ RunTime:0.001865s ]
NOTIC: [8] A session had already been started - ignoring session_start() D:\Demophp\law_office\APP\Modules\Admin\Action\BlogAction.class.php 第 3 行.
SQL: SHOW COLUMNS FROM `law_blog` [ RunTime:0.006965s ]
SQL: SELECT * FROM `law_blog` WHERE ( del=1 )  [ RunTime:0.000394s ]
INFO: [ view_parse ] --START--
INFO: ParseTemplate Behavior ::run [ RunTime:0.010705s ]
INFO: [ view_parse ] --END-- [ RunTime:0.010983s ]
INFO: [ view_filter ] --START--
INFO: ContentReplace Behavior ::run [ RunTime:0.001690s ]
INFO: TokenBuild Behavior ::run [ RunTime:0.001649s ]
INFO: WriteHtmlCache Behavior ::run [ RunTime:0.000258s ]
INFO: ShowRuntime Behavior ::run [ RunTime:0.000438s ]
INFO: [ view_filter ] --END-- [ RunTime:0.004513s ]
INFO: [ view_end ] --START--
INFO: ShowPageTrace Behavior ::run [ RunTime:0.000496s ]
INFO: [ view_end ] --END-- [ RunTime:0.000577s ]

[ 2016-06-25T15:43:15+08:00 ] 0.0.0.0 /law_office/index.php/Admin/Blog/index
INFO: [ route_check ] --START--
INFO: CheckRoute Behavior ::run [ RunTime:0.001787s ]
INFO: [ route_check ] --END-- [ RunTime:0.002056s ]
INFO: [ app_begin ] --START--
INFO: ReadHtmlCache Behavior ::run [ RunTime:0.000538s ]
INFO: [ app_begin ] --END-- [ RunTime:0.000637s ]
NOTIC: [8] A session had already been started - ignoring session_start() D:\Demophp\law_office\APP\Modules\Admin\Action\BlogAction.class.php 第 3 行.
SQL: SHOW COLUMNS FROM `law_blog` [ RunTime:0.002381s ]
SQL: SELECT COUNT(*) AS tp_count FROM `law_blog` WHERE ( `del` = 0 ) LIMIT 1   [ RunTime:0.000656s ]
SQL: SELECT * FROM `law_blog` WHERE ( `del` = 0 ) ORDER BY time DESC LIMIT 0,24   [ RunTime:0.000623s ]
SQL: SELECT * FROM `law_blog` WHERE ( `del` = 0 ) ORDER BY time DESC LIMIT 0,4   [ RunTime:0.001064s ]
INFO: [ view_parse ] --START--
INFO: ParseTemplate Behavior ::run [ RunTime:0.019910s ]
INFO: [ view_parse ] --END-- [ RunTime:0.020112s ]
INFO: [ view_filter ] --START--
INFO: ContentReplace Behavior ::run [ RunTime:0.000687s ]
INFO: TokenBuild Behavior ::run [ RunTime:0.001547s ]
INFO: WriteHtmlCache Behavior ::run [ RunTime:0.000315s ]
INFO: ShowRuntime Behavior ::run [ RunTime:0.000444s ]
INFO: [ view_filter ] --END-- [ RunTime:0.003349s ]
INFO: [ view_end ] --START--
INFO: ShowPageTrace Behavior ::run [ RunTime:0.000535s ]
INFO: [ view_end ] --END-- [ RunTime:0.000608s ]

[ 2016-06-25T15:43:27+08:00 ] 0.0.0.0 /law_office/index.php/Admin/Blog/update/id/21
INFO: [ route_check ] --START--
INFO: CheckRoute Behavior ::run [ RunTime:0.000687s ]
INFO: [ route_check ] --END-- [ RunTime:0.000796s ]
INFO: [ app_begin ] --START--
INFO: ReadHtmlCache Behavior ::run [ RunTime:0.000441s ]
INFO: [ app_begin ] --END-- [ RunTime:0.000533s ]
NOTIC: [8] A session had already been started - ignoring session_start() D:\Demophp\law_office\APP\Modules\Admin\Action\BlogAction.class.php 第 3 行.
SQL: SHOW COLUMNS FROM `law_blog` [ RunTime:0.002241s ]
SQL: SELECT * FROM `law_blog` WHERE ( `id` = 21 )  [ RunTime:0.000254s ]
INFO: [ view_parse ] --START--
INFO: ParseTemplate Behavior ::run [ RunTime:0.017663s ]
INFO: [ view_parse ] --END-- [ RunTime:0.017819s ]
INFO: [ view_filter ] --START--
INFO: ContentReplace Behavior ::run [ RunTime:0.000374s ]
INFO: TokenBuild Behavior ::run [ RunTime:0.000362s ]
INFO: WriteHtmlCache Behavior ::run [ RunTime:0.000241s ]
INFO: ShowRuntime Behavior ::run [ RunTime:0.000432s ]
INFO: [ view_filter ] --END-- [ RunTime:0.001705s ]
INFO: [ view_end ] --START--
INFO: ShowPageTrace Behavior ::run [ RunTime:0.000496s ]
INFO: [ view_end ] --END-- [ RunTime:0.000597s ]

[ 2016-06-25T15:43:32+08:00 ] 0.0.0.0 /law_office/index.php/Admin/Blog/runUpdate/id/21
INFO: [ route_check ] --START--
INFO: CheckRoute Behavior ::run [ RunTime:0.000607s ]
INFO: [ route_check ] --END-- [ RunTime:0.000716s ]
INFO: [ app_begin ] --START--
INFO: ReadHtmlCache Behavior ::run [ RunTime:0.000447s ]
INFO: [ app_begin ] --END-- [ RunTime:0.000539s ]
NOTIC: [8] A session had already been started - ignoring session_start() D:\Demophp\law_office\APP\Modules\Admin\Action\BlogAction.class.php 第 3 行.
SQL: SHOW COLUMNS FROM `law_blog` [ RunTime:0.014555s ]
SQL: SELECT * FROM `law_blog` WHERE ( `id` = 21 )  [ RunTime:0.000253s ]
SQL: UPDATE `law_blog` SET `id`=21,`title`='律师提早介入，顺利调解离婚',`content`='<p>							律师提早介入，顺利调解离婚1</p>',`time`=1466840612,`author`='chenzhizhong' WHERE ( `id` = 21 ) [ RunTime:0.065007s ]
INFO: [ view_parse ] --START--
INFO: ParseTemplate Behavior ::run [ RunTime:0.005978s ]
INFO: [ view_parse ] --END-- [ RunTime:0.006095s ]
INFO: [ view_filter ] --START--
INFO: ContentReplace Behavior ::run [ RunTime:0.000342s ]
INFO: TokenBuild Behavior ::run [ RunTime:0.000363s ]
INFO: WriteHtmlCache Behavior ::run [ RunTime:0.000236s ]
INFO: ShowRuntime Behavior ::run [ RunTime:0.000423s ]
INFO: [ view_filter ] --END-- [ RunTime:0.001611s ]
INFO: [ view_end ] --START--
INFO: ShowPageTrace Behavior ::run [ RunTime:0.000486s ]
INFO: [ view_end ] --END-- [ RunTime:0.000572s ]

[ 2016-06-25T15:43:33+08:00 ] 0.0.0.0 /law_office/index.php/Blog/index
INFO: [ route_check ] --START--
INFO: CheckRoute Behavior ::run [ RunTime:0.001977s ]
INFO: [ route_check ] --END-- [ RunTime:0.002347s ]
INFO: [ app_begin ] --START--
INFO: ReadHtmlCache Behavior ::run [ RunTime:0.001444s ]
INFO: [ app_begin ] --END-- [ RunTime:0.001674s ]
NOTIC: [8] A session had already been started - ignoring session_start() D:\Demophp\law_office\APP\Modules\Admin\Action\BlogAction.class.php 第 3 行.
SQL: SHOW COLUMNS FROM `law_blog` [ RunTime:0.004093s ]
SQL: SELECT COUNT(*) AS tp_count FROM `law_blog` WHERE ( `del` = 0 ) LIMIT 1   [ RunTime:0.000454s ]
SQL: SELECT * FROM `law_blog` WHERE ( `del` = 0 ) ORDER BY time DESC LIMIT 0,24   [ RunTime:0.000634s ]
SQL: SELECT * FROM `law_blog` WHERE ( `del` = 0 ) ORDER BY time DESC LIMIT 0,4   [ RunTime:0.000450s ]
INFO: [ view_parse ] --START--
INFO: ParseTemplate Behavior ::run [ RunTime:0.019552s ]
INFO: [ view_parse ] --END-- [ RunTime:0.019713s ]
INFO: [ view_filter ] --START--
INFO: ContentReplace Behavior ::run [ RunTime:0.000480s ]
INFO: TokenBuild Behavior ::run [ RunTime:0.000444s ]
INFO: WriteHtmlCache Behavior ::run [ RunTime:0.000277s ]
INFO: ShowRuntime Behavior ::run [ RunTime:0.000511s ]
INFO: [ view_filter ] --END-- [ RunTime:0.002003s ]
INFO: [ view_end ] --START--
INFO: ShowPageTrace Behavior ::run [ RunTime:0.000561s ]
INFO: [ view_end ] --END-- [ RunTime:0.000665s ]

[ 2016-06-25T15:43:36+08:00 ] 0.0.0.0 /law_office/index.php/Admin/Blog/content/id/21
INFO: [ route_check ] --START--
INFO: CheckRoute Behavior ::run [ RunTime:0.000877s ]
INFO: [ route_check ] --END-- [ RunTime:0.000994s ]
INFO: [ app_begin ] --START--
INFO: ReadHtmlCache Behavior ::run [ RunTime:0.000507s ]
INFO: [ app_begin ] --END-- [ RunTime:0.000603s ]
NOTIC: [8] A session had already been started - ignoring session_start() D:\Demophp\law_office\APP\Modules\Admin\Action\BlogAction.class.php 第 3 行.
SQL: SHOW COLUMNS FROM `law_blog` [ RunTime:0.002232s ]
SQL: SELECT * FROM `law_blog` WHERE ( `id` = 21 )  [ RunTime:0.000243s ]
INFO: [ view_parse ] --START--
INFO: ParseTemplate Behavior ::run [ RunTime:0.007058s ]
INFO: [ view_parse ] --END-- [ RunTime:0.007167s ]
INFO: [ view_filter ] --START--
INFO: ContentReplace Behavior ::run [ RunTime:0.000350s ]
INFO: TokenBuild Behavior ::run [ RunTime:0.000347s ]
INFO: WriteHtmlCache Behavior ::run [ RunTime:0.000244s ]
INFO: ShowRuntime Behavior ::run [ RunTime:0.000420s ]
INFO: [ view_filter ] --END-- [ RunTime:0.001604s ]
INFO: [ view_end ] --START--
INFO: ShowPageTrace Behavior ::run [ RunTime:0.000502s ]
INFO: [ view_end ] --END-- [ RunTime:0.000590s ]

