[ 2016-06-10T14:08:06+08:00 ] 0.0.0.0 /law_office/
INFO: [ app_begin ] --START--
INFO: ReadHtmlCache Behavior ::run [ RunTime:0.001134s ]
INFO: [ app_begin ] --END-- [ RunTime:0.001358s ]
NOTIC: [8] A session had already been started - ignoring session_start() D:\Demophp\law_office\APP\Modules\Admin\Action\IndexAction.class.php 第 5 行.
INFO: [ view_parse ] --START--
INFO: ParseTemplate Behavior ::run [ RunTime:0.647496s ]
INFO: [ view_parse ] --END-- [ RunTime:0.647649s ]
INFO: [ view_filter ] --START--
INFO: ContentReplace Behavior ::run [ RunTime:0.000573s ]
INFO: TokenBuild Behavior ::run [ RunTime:0.000681s ]
INFO: WriteHtmlCache Behavior ::run [ RunTime:0.000416s ]
INFO: ShowRuntime Behavior ::run [ RunTime:0.000594s ]
INFO: [ view_filter ] --END-- [ RunTime:0.002558s ]
INFO: [ view_end ] --START--
INFO: ShowPageTrace Behavior ::run [ RunTime:0.000661s ]
INFO: [ view_end ] --END-- [ RunTime:0.000758s ]

[ 2016-06-10T14:08:40+08:00 ] 0.0.0.0 /law_office/index.php/Admin/Index/login
INFO: [ route_check ] --START--
INFO: CheckRoute Behavior ::run [ RunTime:0.000621s ]
INFO: [ route_check ] --END-- [ RunTime:0.000721s ]
INFO: [ app_begin ] --START--
INFO: ReadHtmlCache Behavior ::run [ RunTime:0.000431s ]
INFO: [ app_begin ] --END-- [ RunTime:0.000544s ]
NOTIC: [8] A session had already been started - ignoring session_start() D:\Demophp\law_office\APP\Modules\Admin\Action\IndexAction.class.php 第 5 行.
SQL: SHOW COLUMNS FROM `law_user` [ RunTime:0.035748s ]
SQL: SELECT * FROM `law_user`  [ RunTime:0.000733s ]
INFO: [ view_parse ] --START--
INFO: ParseTemplate Behavior ::run [ RunTime:0.106865s ]
INFO: [ view_parse ] --END-- [ RunTime:0.107209s ]
INFO: [ view_filter ] --START--
INFO: ContentReplace Behavior ::run [ RunTime:0.002000s ]
INFO: TokenBuild Behavior ::run [ RunTime:0.003205s ]
INFO: WriteHtmlCache Behavior ::run [ RunTime:0.002741s ]
INFO: ShowRuntime Behavior ::run [ RunTime:0.000857s ]
INFO: [ view_filter ] --END-- [ RunTime:0.010238s ]
INFO: [ view_end ] --START--
INFO: ShowPageTrace Behavior ::run [ RunTime:0.000532s ]
INFO: [ view_end ] --END-- [ RunTime:0.000642s ]
NOTIC: [8] Constant THEME_PATH already defined D:\Demophp\law_office\ThinkPHP\Lib\Core\View.class.php 第 151 行.
NOTIC: [8] Constant APP_TMPL_PATH already defined D:\Demophp\law_office\ThinkPHP\Lib\Core\View.class.php 第 152 行.
INFO: [ view_parse ] --START--
INFO: ParseTemplate Behavior ::run [ RunTime:0.005460s ]
INFO: [ view_parse ] --END-- [ RunTime:-0.011404s ]
INFO: [ view_filter ] --START--
INFO: ContentReplace Behavior ::run [ RunTime:0.000398s ]
INFO: TokenBuild Behavior ::run [ RunTime:0.000196s ]
INFO: WriteHtmlCache Behavior ::run [ RunTime:0.000048s ]
INFO: ShowRuntime Behavior ::run [ RunTime:0.000404s ]
INFO: [ view_filter ] --END-- [ RunTime:-0.006751s ]
INFO: [ view_end ] --START--
INFO: ShowPageTrace Behavior ::run [ RunTime:0.000553s ]
INFO: [ view_end ] --END-- [ RunTime:-0.008324s ]

[ 2016-06-10T14:08:40+08:00 ] 0.0.0.0 /law_office/index.php/Admin/Index/login
INFO: [ route_check ] --START--
INFO: CheckRoute Behavior ::run [ RunTime:0.001572s ]
INFO: [ route_check ] --END-- [ RunTime:0.001725s ]
INFO: [ app_begin ] --START--
INFO: ReadHtmlCache Behavior ::run [ RunTime:0.001333s ]
INFO: [ app_begin ] --END-- [ RunTime:0.001501s ]
NOTIC: [8] A session had already been started - ignoring session_start() D:\Demophp\law_office\APP\Modules\Admin\Action\IndexAction.class.php 第 5 行.
SQL: SHOW COLUMNS FROM `law_user` [ RunTime:0.004889s ]
SQL: SELECT * FROM `law_user`  [ RunTime:0.001385s ]
INFO: [ view_parse ] --START--
INFO: ParseTemplate Behavior ::run [ RunTime:0.012881s ]
INFO: [ view_parse ] --END-- [ RunTime:0.013233s ]
INFO: [ view_filter ] --START--
INFO: ContentReplace Behavior ::run [ RunTime:0.000423s ]
INFO: TokenBuild Behavior ::run [ RunTime:0.000410s ]
INFO: WriteHtmlCache Behavior ::run [ RunTime:0.000295s ]
INFO: ShowRuntime Behavior ::run [ RunTime:0.000595s ]
INFO: [ view_filter ] --END-- [ RunTime:0.001958s ]
INFO: [ view_end ] --START--
INFO: ShowPageTrace Behavior ::run [ RunTime:0.001131s ]
INFO: [ view_end ] --END-- [ RunTime:0.001452s ]
NOTIC: [8] Constant THEME_PATH already defined D:\Demophp\law_office\ThinkPHP\Lib\Core\View.class.php 第 151 行.
NOTIC: [8] Constant APP_TMPL_PATH already defined D:\Demophp\law_office\ThinkPHP\Lib\Core\View.class.php 第 152 行.
INFO: [ view_parse ] --START--
INFO: ParseTemplate Behavior ::run [ RunTime:0.007116s ]
INFO: [ view_parse ] --END-- [ RunTime:-0.004433s ]
INFO: [ view_filter ] --START--
INFO: ContentReplace Behavior ::run [ RunTime:0.000139s ]
INFO: TokenBuild Behavior ::run [ RunTime:0.000268s ]
INFO: WriteHtmlCache Behavior ::run [ RunTime:0.000060s ]
INFO: ShowRuntime Behavior ::run [ RunTime:0.000265s ]
INFO: [ view_filter ] --END-- [ RunTime:-0.010101s ]
INFO: [ view_end ] --START--
INFO: ShowPageTrace Behavior ::run [ RunTime:0.000336s ]
INFO: [ view_end ] --END-- [ RunTime:-0.010205s ]

[ 2016-06-10T14:08:41+08:00 ] 0.0.0.0 /law_office/index.php/Content/index
INFO: [ route_check ] --START--
INFO: CheckRoute Behavior ::run [ RunTime:0.000917s ]
INFO: [ route_check ] --END-- [ RunTime:0.001069s ]
INFO: [ app_begin ] --START--
INFO: ReadHtmlCache Behavior ::run [ RunTime:0.000474s ]
INFO: [ app_begin ] --END-- [ RunTime:0.000575s ]
INFO: [ view_parse ] --START--
INFO: ParseTemplate Behavior ::run [ RunTime:0.006654s ]
INFO: [ view_parse ] --END-- [ RunTime:0.006788s ]
INFO: [ view_filter ] --START--
INFO: ContentReplace Behavior ::run [ RunTime:0.000352s ]
INFO: TokenBuild Behavior ::run [ RunTime:0.000319s ]
INFO: WriteHtmlCache Behavior ::run [ RunTime:0.000246s ]
INFO: ShowRuntime Behavior ::run [ RunTime:0.000387s ]
INFO: [ view_filter ] --END-- [ RunTime:0.001522s ]
INFO: [ view_end ] --START--
INFO: ShowPageTrace Behavior ::run [ RunTime:0.000496s ]
INFO: [ view_end ] --END-- [ RunTime:0.000576s ]

[ 2016-06-10T14:08:42+08:00 ] 0.0.0.0 /law_office/index.php/Content/show.html
INFO: [ route_check ] --START--
INFO: CheckRoute Behavior ::run [ RunTime:0.000879s ]
INFO: [ route_check ] --END-- [ RunTime:0.001037s ]
INFO: [ app_begin ] --START--
INFO: ReadHtmlCache Behavior ::run [ RunTime:0.000647s ]
INFO: [ app_begin ] --END-- [ RunTime:0.000790s ]
NOTIC: [8] Constant THEME_NAME already defined D:\Demophp\law_office\ThinkPHP\Lib\Core\View.class.php 第 223 行.
NOTIC: [8] Constant THEME_PATH already defined D:\Demophp\law_office\ThinkPHP\Lib\Core\View.class.php 第 171 行.
NOTIC: [8] Constant APP_TMPL_PATH already defined D:\Demophp\law_office\ThinkPHP\Lib\Core\View.class.php 第 172 行.
INFO: [ view_parse ] --START--
INFO: ParseTemplate Behavior ::run [ RunTime:0.008206s ]
INFO: [ view_parse ] --END-- [ RunTime:0.008385s ]
INFO: [ view_filter ] --START--
INFO: ContentReplace Behavior ::run [ RunTime:0.000578s ]
INFO: TokenBuild Behavior ::run [ RunTime:0.000540s ]
INFO: WriteHtmlCache Behavior ::run [ RunTime:0.000278s ]
INFO: ShowRuntime Behavior ::run [ RunTime:0.000380s ]
INFO: [ view_filter ] --END-- [ RunTime:0.002075s ]
INFO: [ view_end ] --START--
INFO: ShowPageTrace Behavior ::run [ RunTime:0.000637s ]
INFO: [ view_end ] --END-- [ RunTime:0.000744s ]

[ 2016-06-10T14:08:48+08:00 ] 0.0.0.0 /law_office/index.php/Admin/Law/lawyerIndex
INFO: [ route_check ] --START--
INFO: CheckRoute Behavior ::run [ RunTime:0.000828s ]
INFO: [ route_check ] --END-- [ RunTime:0.000975s ]
INFO: [ app_begin ] --START--
INFO: ReadHtmlCache Behavior ::run [ RunTime:0.000463s ]
INFO: [ app_begin ] --END-- [ RunTime:0.000555s ]
INFO: [ view_parse ] --START--
INFO: ParseTemplate Behavior ::run [ RunTime:0.409344s ]
INFO: [ view_parse ] --END-- [ RunTime:0.409479s ]
INFO: [ view_filter ] --START--
INFO: ContentReplace Behavior ::run [ RunTime:0.000428s ]
INFO: TokenBuild Behavior ::run [ RunTime:0.000347s ]
INFO: WriteHtmlCache Behavior ::run [ RunTime:0.000237s ]
INFO: ShowRuntime Behavior ::run [ RunTime:0.000373s ]
INFO: [ view_filter ] --END-- [ RunTime:0.001630s ]
INFO: [ view_end ] --START--
INFO: ShowPageTrace Behavior ::run [ RunTime:0.000566s ]
INFO: [ view_end ] --END-- [ RunTime:0.000650s ]

[ 2016-06-10T14:08:54+08:00 ] 0.0.0.0 /law_office/index.php/Admin/Law/lawyer
INFO: [ route_check ] --START--
INFO: CheckRoute Behavior ::run [ RunTime:0.000690s ]
INFO: [ route_check ] --END-- [ RunTime:0.000798s ]
INFO: [ app_begin ] --START--
INFO: ReadHtmlCache Behavior ::run [ RunTime:0.000497s ]
INFO: [ app_begin ] --END-- [ RunTime:0.000574s ]
INFO: [ view_parse ] --START--
INFO: ParseTemplate Behavior ::run [ RunTime:0.287717s ]
INFO: [ view_parse ] --END-- [ RunTime:0.287909s ]
INFO: [ view_filter ] --START--
INFO: ContentReplace Behavior ::run [ RunTime:0.001036s ]
INFO: TokenBuild Behavior ::run [ RunTime:0.000455s ]
INFO: WriteHtmlCache Behavior ::run [ RunTime:0.000317s ]
INFO: ShowRuntime Behavior ::run [ RunTime:0.000473s ]
INFO: [ view_filter ] --END-- [ RunTime:0.002640s ]
INFO: [ view_end ] --START--
INFO: ShowPageTrace Behavior ::run [ RunTime:0.000534s ]
INFO: [ view_end ] --END-- [ RunTime:0.000612s ]

