[ 2016-06-13T17:26:15+08:00 ] 127.0.0.1 /law%20office/
INFO: [ app_begin ] --START--
INFO: ReadHtmlCache Behavior ::run [ RunTime:0.004130s ]
INFO: [ app_begin ] --END-- [ RunTime:0.004742s ]
ERR: 无法加载模块:Index

[ 2016-06-13T17:26:45+08:00 ] 127.0.0.1 /law%20office/index.php/Modules/Smar
INFO: [ route_check ] --START--
INFO: CheckRoute Behavior ::run [ RunTime:0.003359s ]
INFO: [ route_check ] --END-- [ RunTime:0.003829s ]
INFO: [ app_begin ] --START--
INFO: ReadHtmlCache Behavior ::run [ RunTime:0.001721s ]
INFO: [ app_begin ] --END-- [ RunTime:0.002062s ]
ERR: 无法加载模块:Modules

[ 2016-06-13T17:27:02+08:00 ] 127.0.0.1 /law%20office/index.php/Modules/Smar/index
INFO: [ route_check ] --START--
INFO: CheckRoute Behavior ::run [ RunTime:0.002288s ]
INFO: [ route_check ] --END-- [ RunTime:0.002655s ]
INFO: [ app_begin ] --START--
INFO: ReadHtmlCache Behavior ::run [ RunTime:0.002704s ]
INFO: [ app_begin ] --END-- [ RunTime:0.003204s ]
ERR: 无法加载模块:Modules

[ 2016-06-13T17:31:15+08:00 ] 127.0.0.1 /law%20office/index.php/Modules/Smar/index
INFO: [ route_check ] --START--
INFO: CheckRoute Behavior ::run [ RunTime:0.003228s ]
INFO: [ route_check ] --END-- [ RunTime:0.003598s ]
INFO: [ app_begin ] --START--
INFO: ReadHtmlCache Behavior ::run [ RunTime:0.002171s ]
INFO: [ app_begin ] --END-- [ RunTime:0.002504s ]
ERR: 无法加载模块:Modules

[ 2016-06-13T17:31:16+08:00 ] 127.0.0.1 /law%20office/index.php/Modules/Smar/index
INFO: [ route_check ] --START--
INFO: CheckRoute Behavior ::run [ RunTime:0.002348s ]
INFO: [ route_check ] --END-- [ RunTime:0.002758s ]
INFO: [ app_begin ] --START--
INFO: ReadHtmlCache Behavior ::run [ RunTime:0.002564s ]
INFO: [ app_begin ] --END-- [ RunTime:0.003031s ]
ERR: 无法加载模块:Modules

[ 2016-06-13T17:31:55+08:00 ] 127.0.0.1 /law_office/index.php/Modules/Smar/index
INFO: [ route_check ] --START--
INFO: CheckRoute Behavior ::run [ RunTime:0.003588s ]
INFO: [ route_check ] --END-- [ RunTime:0.003934s ]
INFO: [ app_begin ] --START--
INFO: ReadHtmlCache Behavior ::run [ RunTime:0.003599s ]
INFO: [ app_begin ] --END-- [ RunTime:0.003941s ]
ERR: 无法加载模块:Modules

[ 2016-06-13T17:32:34+08:00 ] 127.0.0.1 /law_office/index.php/Admin/Smar/index
INFO: [ route_check ] --START--
INFO: CheckRoute Behavior ::run [ RunTime:0.003415s ]
INFO: [ route_check ] --END-- [ RunTime:0.003778s ]
INFO: [ app_begin ] --START--
INFO: ReadHtmlCache Behavior ::run [ RunTime:0.003087s ]
INFO: [ app_begin ] --END-- [ RunTime:0.003470s ]
INFO: [ view_parse ] --START--
INFO: ParseTemplate Behavior ::run [ RunTime:0.049493s ]
INFO: [ view_parse ] --END-- [ RunTime:0.049845s ]
INFO: [ view_filter ] --START--
INFO: ContentReplace Behavior ::run [ RunTime:0.006112s ]
INFO: TokenBuild Behavior ::run [ RunTime:0.003292s ]
INFO: WriteHtmlCache Behavior ::run [ RunTime:0.002664s ]
INFO: ShowRuntime Behavior ::run [ RunTime:0.003585s ]
INFO: [ view_filter ] --END-- [ RunTime:0.016720s ]
INFO: [ view_end ] --START--
INFO: ShowPageTrace Behavior ::run [ RunTime:0.004708s ]
INFO: [ view_end ] --END-- [ RunTime:0.005020s ]

[ 2016-06-13T17:53:07+08:00 ] 127.0.0.1 /law_office/index.php/Admin/Smar/index
INFO: [ route_check ] --START--
INFO: CheckRoute Behavior ::run [ RunTime:0.003462s ]
INFO: [ route_check ] --END-- [ RunTime:0.003811s ]
INFO: [ app_begin ] --START--
INFO: ReadHtmlCache Behavior ::run [ RunTime:0.003818s ]
INFO: [ app_begin ] --END-- [ RunTime:0.004306s ]
INFO: [ view_parse ] --START--
NOTIC: [8] Undefined variable: content E:\wamp\www\myphp\law_office\APP\Runtime\Cache\Admin\40d57361b515a71d045735a15a8651df.php 第 6 行.
INFO: ParseTemplate Behavior ::run [ RunTime:0.029438s ]
INFO: [ view_parse ] --END-- [ RunTime:0.029894s ]
INFO: [ view_filter ] --START--
INFO: ContentReplace Behavior ::run [ RunTime:0.002700s ]
INFO: TokenBuild Behavior ::run [ RunTime:0.003539s ]
INFO: WriteHtmlCache Behavior ::run [ RunTime:0.002170s ]
INFO: ShowRuntime Behavior ::run [ RunTime:0.003524s ]
INFO: [ view_filter ] --END-- [ RunTime:0.012883s ]
INFO: [ view_end ] --START--
INFO: ShowPageTrace Behavior ::run [ RunTime:0.003530s ]
INFO: [ view_end ] --END-- [ RunTime:0.003828s ]

[ 2016-06-13T17:53:45+08:00 ] 127.0.0.1 /law_office/index.php/Admin/Smar/index
INFO: [ route_check ] --START--
INFO: CheckRoute Behavior ::run [ RunTime:0.003537s ]
INFO: [ route_check ] --END-- [ RunTime:0.003899s ]
INFO: [ app_begin ] --START--
INFO: ReadHtmlCache Behavior ::run [ RunTime:0.002663s ]
INFO: [ app_begin ] --END-- [ RunTime:0.003006s ]
INFO: [ view_parse ] --START--
INFO: ParseTemplate Behavior ::run [ RunTime:0.025444s ]
INFO: [ view_parse ] --END-- [ RunTime:0.025962s ]
INFO: [ view_filter ] --START--
INFO: ContentReplace Behavior ::run [ RunTime:0.002897s ]
INFO: TokenBuild Behavior ::run [ RunTime:0.002986s ]
INFO: WriteHtmlCache Behavior ::run [ RunTime:0.002243s ]
INFO: ShowRuntime Behavior ::run [ RunTime:0.002907s ]
INFO: [ view_filter ] --END-- [ RunTime:0.011963s ]
INFO: [ view_end ] --START--
INFO: ShowPageTrace Behavior ::run [ RunTime:0.003244s ]
INFO: [ view_end ] --END-- [ RunTime:0.003610s ]

[ 2016-06-13T18:05:24+08:00 ] 127.0.0.1 /law_office/index.php/Admin/Smar/index
INFO: [ route_check ] --START--
INFO: CheckRoute Behavior ::run [ RunTime:0.003432s ]
INFO: [ route_check ] --END-- [ RunTime:0.003790s ]
INFO: [ app_begin ] --START--
INFO: ReadHtmlCache Behavior ::run [ RunTime:0.004201s ]
INFO: [ app_begin ] --END-- [ RunTime:0.004753s ]
INFO: [ view_parse ] --START--

[ 2016-06-13T18:05:39+08:00 ] 127.0.0.1 /law_office/index.php/Admin/Smar/index
INFO: [ route_check ] --START--
INFO: CheckRoute Behavior ::run [ RunTime:0.003849s ]
INFO: [ route_check ] --END-- [ RunTime:0.004234s ]
INFO: [ app_begin ] --START--
INFO: ReadHtmlCache Behavior ::run [ RunTime:0.003951s ]
INFO: [ app_begin ] --END-- [ RunTime:0.004293s ]
INFO: [ view_parse ] --START--
INFO: ParseTemplate Behavior ::run [ RunTime:0.031033s ]
INFO: [ view_parse ] --END-- [ RunTime:0.031549s ]
INFO: [ view_filter ] --START--
INFO: ContentReplace Behavior ::run [ RunTime:0.003017s ]
INFO: TokenBuild Behavior ::run [ RunTime:0.002876s ]
INFO: WriteHtmlCache Behavior ::run [ RunTime:0.001975s ]
INFO: ShowRuntime Behavior ::run [ RunTime:0.002591s ]
INFO: [ view_filter ] --END-- [ RunTime:0.011606s ]
INFO: [ view_end ] --START--
INFO: ShowPageTrace Behavior ::run [ RunTime:0.003416s ]
INFO: [ view_end ] --END-- [ RunTime:0.003785s ]

[ 2016-06-13T18:05:41+08:00 ] 127.0.0.1 /law_office/index.php/Admin/Smar/index
INFO: [ route_check ] --START--
INFO: CheckRoute Behavior ::run [ RunTime:0.003549s ]
INFO: [ route_check ] --END-- [ RunTime:0.003907s ]
INFO: [ app_begin ] --START--
INFO: ReadHtmlCache Behavior ::run [ RunTime:0.002713s ]
INFO: [ app_begin ] --END-- [ RunTime:0.003101s ]
INFO: [ view_parse ] --START--
INFO: ParseTemplate Behavior ::run [ RunTime:0.029023s ]
INFO: [ view_parse ] --END-- [ RunTime:0.029542s ]
INFO: [ view_filter ] --START--
INFO: ContentReplace Behavior ::run [ RunTime:0.002729s ]
INFO: TokenBuild Behavior ::run [ RunTime:0.002330s ]
INFO: WriteHtmlCache Behavior ::run [ RunTime:0.001844s ]
INFO: ShowRuntime Behavior ::run [ RunTime:0.002507s ]
INFO: [ view_filter ] --END-- [ RunTime:0.010329s ]
INFO: [ view_end ] --START--
INFO: ShowPageTrace Behavior ::run [ RunTime:0.002767s ]
INFO: [ view_end ] --END-- [ RunTime:0.003061s ]

[ 2016-06-13T18:07:58+08:00 ] 127.0.0.1 /law_office/index.php/Admin/Smar/index
INFO: [ route_check ] --START--
INFO: CheckRoute Behavior ::run [ RunTime:0.003572s ]
INFO: [ route_check ] --END-- [ RunTime:0.003956s ]
INFO: [ app_begin ] --START--
INFO: ReadHtmlCache Behavior ::run [ RunTime:0.002968s ]
INFO: [ app_begin ] --END-- [ RunTime:0.003414s ]
INFO: [ view_parse ] --START--
INFO: ParseTemplate Behavior ::run [ RunTime:0.033514s ]
INFO: [ view_parse ] --END-- [ RunTime:0.034022s ]
INFO: [ view_filter ] --START--
INFO: ContentReplace Behavior ::run [ RunTime:0.003274s ]
INFO: TokenBuild Behavior ::run [ RunTime:0.002374s ]
INFO: WriteHtmlCache Behavior ::run [ RunTime:0.001881s ]
INFO: ShowRuntime Behavior ::run [ RunTime:0.002578s ]
INFO: [ view_filter ] --END-- [ RunTime:0.011102s ]
INFO: [ view_end ] --START--
INFO: ShowPageTrace Behavior ::run [ RunTime:0.003676s ]
INFO: [ view_end ] --END-- [ RunTime:0.004001s ]

[ 2016-06-13T18:14:38+08:00 ] 127.0.0.1 /law_office/index.php/Admin/Smar/index
INFO: [ route_check ] --START--
INFO: CheckRoute Behavior ::run [ RunTime:0.004694s ]
INFO: [ route_check ] --END-- [ RunTime:0.005185s ]
INFO: [ app_begin ] --START--
INFO: ReadHtmlCache Behavior ::run [ RunTime:0.002955s ]
INFO: [ app_begin ] --END-- [ RunTime:0.003294s ]
INFO: [ view_parse ] --START--
NOTIC: [8] Undefined variable: 二零 E:\wamp\www\myphp\law_office\APP\Runtime\Cache\Admin\40d57361b515a71d045735a15a8651df.php 第 12 行.
INFO: ParseTemplate Behavior ::run [ RunTime:0.031710s ]
INFO: [ view_parse ] --END-- [ RunTime:0.032073s ]
INFO: [ view_filter ] --START--
INFO: ContentReplace Behavior ::run [ RunTime:0.002781s ]
INFO: TokenBuild Behavior ::run [ RunTime:0.003100s ]
INFO: WriteHtmlCache Behavior ::run [ RunTime:0.002168s ]
INFO: ShowRuntime Behavior ::run [ RunTime:0.003344s ]
INFO: [ view_filter ] --END-- [ RunTime:0.012526s ]
INFO: [ view_end ] --START--
INFO: ShowPageTrace Behavior ::run [ RunTime:0.003811s ]
INFO: [ view_end ] --END-- [ RunTime:0.004122s ]

[ 2016-06-13T18:14:56+08:00 ] 127.0.0.1 /law_office/index.php/Admin/Smar/index
INFO: [ route_check ] --START--
INFO: CheckRoute Behavior ::run [ RunTime:0.004094s ]
INFO: [ route_check ] --END-- [ RunTime:0.004542s ]
INFO: [ app_begin ] --START--
INFO: ReadHtmlCache Behavior ::run [ RunTime:0.003102s ]
INFO: [ app_begin ] --END-- [ RunTime:0.003563s ]
INFO: [ view_parse ] --START--
NOTIC: [8] Undefined variable: 二零 E:\wamp\www\myphp\law_office\APP\Runtime\Cache\Admin\40d57361b515a71d045735a15a8651df.php 第 13 行.
INFO: ParseTemplate Behavior ::run [ RunTime:0.033664s ]
INFO: [ view_parse ] --END-- [ RunTime:0.034054s ]
INFO: [ view_filter ] --START--
INFO: ContentReplace Behavior ::run [ RunTime:0.003647s ]
INFO: TokenBuild Behavior ::run [ RunTime:0.003439s ]
INFO: WriteHtmlCache Behavior ::run [ RunTime:0.002789s ]
INFO: ShowRuntime Behavior ::run [ RunTime:0.003635s ]
INFO: [ view_filter ] --END-- [ RunTime:0.014799s ]
INFO: [ view_end ] --START--
INFO: ShowPageTrace Behavior ::run [ RunTime:0.004337s ]
INFO: [ view_end ] --END-- [ RunTime:0.004669s ]

[ 2016-06-13T18:14:58+08:00 ] 127.0.0.1 /law_office/index.php/Admin/Smar/index
INFO: [ route_check ] --START--
INFO: CheckRoute Behavior ::run [ RunTime:0.004627s ]
INFO: [ route_check ] --END-- [ RunTime:0.005027s ]
INFO: [ app_begin ] --START--
INFO: ReadHtmlCache Behavior ::run [ RunTime:0.003993s ]
INFO: [ app_begin ] --END-- [ RunTime:0.004508s ]
INFO: [ view_parse ] --START--
NOTIC: [8] Undefined variable: 二零 E:\wamp\www\myphp\law_office\APP\Runtime\Cache\Admin\40d57361b515a71d045735a15a8651df.php 第 13 行.
INFO: ParseTemplate Behavior ::run [ RunTime:0.031641s ]
INFO: [ view_parse ] --END-- [ RunTime:0.032034s ]
INFO: [ view_filter ] --START--
INFO: ContentReplace Behavior ::run [ RunTime:0.002847s ]
INFO: TokenBuild Behavior ::run [ RunTime:0.002394s ]
INFO: WriteHtmlCache Behavior ::run [ RunTime:0.002064s ]
INFO: ShowRuntime Behavior ::run [ RunTime:0.003800s ]
INFO: [ view_filter ] --END-- [ RunTime:0.012226s ]
INFO: [ view_end ] --START--
INFO: ShowPageTrace Behavior ::run [ RunTime:0.003798s ]
INFO: [ view_end ] --END-- [ RunTime:0.004418s ]

[ 2016-06-13T18:15:45+08:00 ] 127.0.0.1 /law_office/index.php/Admin/Smar/index
INFO: [ route_check ] --START--
INFO: CheckRoute Behavior ::run [ RunTime:0.003073s ]
INFO: [ route_check ] --END-- [ RunTime:0.003413s ]
INFO: [ app_begin ] --START--
INFO: ReadHtmlCache Behavior ::run [ RunTime:0.004330s ]
INFO: [ app_begin ] --END-- [ RunTime:0.004799s ]
INFO: [ view_parse ] --START--
NOTIC: [8] Undefined variable: 二零 E:\wamp\www\myphp\law_office\APP\Runtime\Cache\Admin\40d57361b515a71d045735a15a8651df.php 第 13 行.
INFO: ParseTemplate Behavior ::run [ RunTime:0.026043s ]
INFO: [ view_parse ] --END-- [ RunTime:0.026370s ]
INFO: [ view_filter ] --START--
INFO: ContentReplace Behavior ::run [ RunTime:0.002845s ]
INFO: TokenBuild Behavior ::run [ RunTime:0.002338s ]
INFO: WriteHtmlCache Behavior ::run [ RunTime:0.002114s ]
INFO: ShowRuntime Behavior ::run [ RunTime:0.002605s ]
INFO: [ view_filter ] --END-- [ RunTime:0.010793s ]
INFO: [ view_end ] --START--
INFO: ShowPageTrace Behavior ::run [ RunTime:0.003556s ]
INFO: [ view_end ] --END-- [ RunTime:0.003930s ]

[ 2016-06-13T18:15:47+08:00 ] 127.0.0.1 /law_office/index.php/Admin/Smar/index
INFO: [ route_check ] --START--
INFO: CheckRoute Behavior ::run [ RunTime:0.004187s ]
INFO: [ route_check ] --END-- [ RunTime:0.004695s ]
INFO: [ app_begin ] --START--
INFO: ReadHtmlCache Behavior ::run [ RunTime:0.002698s ]
INFO: [ app_begin ] --END-- [ RunTime:0.003057s ]
INFO: [ view_parse ] --START--
NOTIC: [8] Undefined variable: 二零 E:\wamp\www\myphp\law_office\APP\Runtime\Cache\Admin\40d57361b515a71d045735a15a8651df.php 第 13 行.
INFO: ParseTemplate Behavior ::run [ RunTime:0.027728s ]
INFO: [ view_parse ] --END-- [ RunTime:0.028074s ]
INFO: [ view_filter ] --START--
INFO: ContentReplace Behavior ::run [ RunTime:0.002141s ]
INFO: TokenBuild Behavior ::run [ RunTime:0.002190s ]
INFO: WriteHtmlCache Behavior ::run [ RunTime:0.002213s ]
INFO: ShowRuntime Behavior ::run [ RunTime:0.002835s ]
INFO: [ view_filter ] --END-- [ RunTime:0.010256s ]
INFO: [ view_end ] --START--
INFO: ShowPageTrace Behavior ::run [ RunTime:0.003153s ]
INFO: [ view_end ] --END-- [ RunTime:0.003471s ]

[ 2016-06-13T18:15:47+08:00 ] 127.0.0.1 /law_office/index.php/Admin/Smar/index
INFO: [ route_check ] --START--
INFO: CheckRoute Behavior ::run [ RunTime:0.003343s ]
INFO: [ route_check ] --END-- [ RunTime:0.003688s ]
INFO: [ app_begin ] --START--
INFO: ReadHtmlCache Behavior ::run [ RunTime:0.003519s ]
INFO: [ app_begin ] --END-- [ RunTime:0.003882s ]
INFO: [ view_parse ] --START--
NOTIC: [8] Undefined variable: 二零 E:\wamp\www\myphp\law_office\APP\Runtime\Cache\Admin\40d57361b515a71d045735a15a8651df.php 第 13 行.
INFO: ParseTemplate Behavior ::run [ RunTime:0.024771s ]
INFO: [ view_parse ] --END-- [ RunTime:0.025084s ]
INFO: [ view_filter ] --START--
INFO: ContentReplace Behavior ::run [ RunTime:0.002084s ]
INFO: TokenBuild Behavior ::run [ RunTime:0.002141s ]
INFO: WriteHtmlCache Behavior ::run [ RunTime:0.001781s ]
INFO: ShowRuntime Behavior ::run [ RunTime:0.002349s ]
INFO: [ view_filter ] --END-- [ RunTime:0.009173s ]
INFO: [ view_end ] --START--
INFO: ShowPageTrace Behavior ::run [ RunTime:0.002723s ]
INFO: [ view_end ] --END-- [ RunTime:0.003100s ]

[ 2016-06-13T18:15:47+08:00 ] 127.0.0.1 /law_office/index.php/Admin/Smar/index
INFO: [ route_check ] --START--
INFO: CheckRoute Behavior ::run [ RunTime:0.004451s ]
INFO: [ route_check ] --END-- [ RunTime:0.005118s ]
INFO: [ app_begin ] --START--
INFO: ReadHtmlCache Behavior ::run [ RunTime:0.002689s ]
INFO: [ app_begin ] --END-- [ RunTime:0.003012s ]
INFO: [ view_parse ] --START--
NOTIC: [8] Undefined variable: 二零 E:\wamp\www\myphp\law_office\APP\Runtime\Cache\Admin\40d57361b515a71d045735a15a8651df.php 第 13 行.
INFO: ParseTemplate Behavior ::run [ RunTime:0.030219s ]
INFO: [ view_parse ] --END-- [ RunTime:0.030543s ]
INFO: [ view_filter ] --START--
INFO: ContentReplace Behavior ::run [ RunTime:0.002191s ]
INFO: TokenBuild Behavior ::run [ RunTime:0.002176s ]
INFO: WriteHtmlCache Behavior ::run [ RunTime:0.001803s ]
INFO: ShowRuntime Behavior ::run [ RunTime:0.002374s ]
INFO: [ view_filter ] --END-- [ RunTime:0.009411s ]
INFO: [ view_end ] --START--
INFO: ShowPageTrace Behavior ::run [ RunTime:0.002846s ]
INFO: [ view_end ] --END-- [ RunTime:0.003141s ]

[ 2016-06-13T18:16:00+08:00 ] 127.0.0.1 /law_office/index.php/Admin/Smar/index
INFO: [ route_check ] --START--
INFO: CheckRoute Behavior ::run [ RunTime:0.003455s ]
INFO: [ route_check ] --END-- [ RunTime:0.003961s ]
INFO: [ app_begin ] --START--
INFO: ReadHtmlCache Behavior ::run [ RunTime:0.002931s ]
INFO: [ app_begin ] --END-- [ RunTime:0.003389s ]
INFO: [ view_parse ] --START--
NOTIC: [8] Undefined variable: 二零 E:\wamp\www\myphp\law_office\APP\Runtime\Cache\Admin\40d57361b515a71d045735a15a8651df.php 第 13 行.
INFO: ParseTemplate Behavior ::run [ RunTime:0.033524s ]
INFO: [ view_parse ] --END-- [ RunTime:0.033948s ]
INFO: [ view_filter ] --START--
INFO: ContentReplace Behavior ::run [ RunTime:0.002317s ]
INFO: TokenBuild Behavior ::run [ RunTime:0.002462s ]
INFO: WriteHtmlCache Behavior ::run [ RunTime:0.002444s ]
INFO: ShowRuntime Behavior ::run [ RunTime:0.003929s ]
INFO: [ view_filter ] --END-- [ RunTime:0.012403s ]
INFO: [ view_end ] --START--
INFO: ShowPageTrace Behavior ::run [ RunTime:0.003124s ]
INFO: [ view_end ] --END-- [ RunTime:0.003590s ]

[ 2016-06-13T18:16:01+08:00 ] 127.0.0.1 /law_office/index.php/Admin/Smar/index
INFO: [ route_check ] --START--
INFO: CheckRoute Behavior ::run [ RunTime:0.003466s ]
INFO: [ route_check ] --END-- [ RunTime:0.003810s ]
INFO: [ app_begin ] --START--
INFO: ReadHtmlCache Behavior ::run [ RunTime:0.003266s ]
INFO: [ app_begin ] --END-- [ RunTime:0.003711s ]
INFO: [ view_parse ] --START--
NOTIC: [8] Undefined variable: 二零 E:\wamp\www\myphp\law_office\APP\Runtime\Cache\Admin\40d57361b515a71d045735a15a8651df.php 第 13 行.
INFO: ParseTemplate Behavior ::run [ RunTime:0.027158s ]
INFO: [ view_parse ] --END-- [ RunTime:0.027473s ]
INFO: [ view_filter ] --START--
INFO: ContentReplace Behavior ::run [ RunTime:0.002345s ]
INFO: TokenBuild Behavior ::run [ RunTime:0.002450s ]
INFO: WriteHtmlCache Behavior ::run [ RunTime:0.002734s ]
INFO: ShowRuntime Behavior ::run [ RunTime:0.003010s ]
INFO: [ view_filter ] --END-- [ RunTime:0.011501s ]
INFO: [ view_end ] --START--
INFO: ShowPageTrace Behavior ::run [ RunTime:0.003832s ]
INFO: [ view_end ] --END-- [ RunTime:0.004238s ]

[ 2016-06-13T18:16:30+08:00 ] 127.0.0.1 /law_office/index.php/Admin/Smar/index
INFO: [ route_check ] --START--
INFO: CheckRoute Behavior ::run [ RunTime:0.003093s ]
INFO: [ route_check ] --END-- [ RunTime:0.003433s ]
INFO: [ app_begin ] --START--
INFO: ReadHtmlCache Behavior ::run [ RunTime:0.003327s ]
INFO: [ app_begin ] --END-- [ RunTime:0.003713s ]
INFO: [ view_parse ] --START--
NOTIC: [8] Undefined variable: 二零 E:\wamp\www\myphp\law_office\APP\Runtime\Cache\Admin\40d57361b515a71d045735a15a8651df.php 第 13 行.
INFO: ParseTemplate Behavior ::run [ RunTime:0.028871s ]
INFO: [ view_parse ] --END-- [ RunTime:0.029211s ]
INFO: [ view_filter ] --START--
INFO: ContentReplace Behavior ::run [ RunTime:0.002130s ]
INFO: TokenBuild Behavior ::run [ RunTime:0.002205s ]
INFO: WriteHtmlCache Behavior ::run [ RunTime:0.001897s ]
INFO: ShowRuntime Behavior ::run [ RunTime:0.003385s ]
INFO: [ view_filter ] --END-- [ RunTime:0.010547s ]
INFO: [ view_end ] --START--
INFO: ShowPageTrace Behavior ::run [ RunTime:0.002728s ]
INFO: [ view_end ] --END-- [ RunTime:0.003027s ]

[ 2016-06-13T18:16:32+08:00 ] 127.0.0.1 /law_office/index.php/Admin/Smar/index
INFO: [ route_check ] --START--
INFO: CheckRoute Behavior ::run [ RunTime:0.003892s ]
INFO: [ route_check ] --END-- [ RunTime:0.004359s ]
INFO: [ app_begin ] --START--
INFO: ReadHtmlCache Behavior ::run [ RunTime:0.002577s ]
INFO: [ app_begin ] --END-- [ RunTime:0.002915s ]
INFO: [ view_parse ] --START--
NOTIC: [8] Undefined variable: 二零 E:\wamp\www\myphp\law_office\APP\Runtime\Cache\Admin\40d57361b515a71d045735a15a8651df.php 第 13 行.
INFO: ParseTemplate Behavior ::run [ RunTime:0.027235s ]
INFO: [ view_parse ] --END-- [ RunTime:0.027562s ]
INFO: [ view_filter ] --START--
INFO: ContentReplace Behavior ::run [ RunTime:0.002523s ]
INFO: TokenBuild Behavior ::run [ RunTime:0.002727s ]
INFO: WriteHtmlCache Behavior ::run [ RunTime:0.002283s ]
INFO: ShowRuntime Behavior ::run [ RunTime:0.002480s ]
INFO: [ view_filter ] --END-- [ RunTime:0.010969s ]
INFO: [ view_end ] --START--
INFO: ShowPageTrace Behavior ::run [ RunTime:0.002720s ]
INFO: [ view_end ] --END-- [ RunTime:0.003013s ]

[ 2016-06-13T18:19:31+08:00 ] 127.0.0.1 /law_office/index.php/Admin/Smar/index
INFO: [ route_check ] --START--
INFO: CheckRoute Behavior ::run [ RunTime:0.003427s ]
INFO: [ route_check ] --END-- [ RunTime:0.003778s ]
INFO: [ app_begin ] --START--
INFO: ReadHtmlCache Behavior ::run [ RunTime:0.002861s ]
INFO: [ app_begin ] --END-- [ RunTime:0.003188s ]
INFO: [ view_parse ] --START--
NOTIC: [8] Undefined variable: 二零 E:\wamp\www\myphp\law_office\APP\Runtime\Cache\Admin\40d57361b515a71d045735a15a8651df.php 第 13 行.
INFO: ParseTemplate Behavior ::run [ RunTime:0.029613s ]
INFO: [ view_parse ] --END-- [ RunTime:0.029947s ]
INFO: [ view_filter ] --START--
INFO: ContentReplace Behavior ::run [ RunTime:0.002567s ]
INFO: TokenBuild Behavior ::run [ RunTime:0.002683s ]
INFO: WriteHtmlCache Behavior ::run [ RunTime:0.002627s ]
INFO: ShowRuntime Behavior ::run [ RunTime:0.002628s ]
INFO: [ view_filter ] --END-- [ RunTime:0.011517s ]
INFO: [ view_end ] --START--
INFO: ShowPageTrace Behavior ::run [ RunTime:0.003601s ]
INFO: [ view_end ] --END-- [ RunTime:0.003989s ]

[ 2016-06-13T18:19:32+08:00 ] 127.0.0.1 /law_office/index.php/Admin/Smar/index
INFO: [ route_check ] --START--
INFO: CheckRoute Behavior ::run [ RunTime:0.003541s ]
INFO: [ route_check ] --END-- [ RunTime:0.004043s ]
INFO: [ app_begin ] --START--
INFO: ReadHtmlCache Behavior ::run [ RunTime:0.002752s ]
INFO: [ app_begin ] --END-- [ RunTime:0.003077s ]
INFO: [ view_parse ] --START--
NOTIC: [8] Undefined variable: 二零 E:\wamp\www\myphp\law_office\APP\Runtime\Cache\Admin\40d57361b515a71d045735a15a8651df.php 第 13 行.
INFO: ParseTemplate Behavior ::run [ RunTime:0.042937s ]
INFO: [ view_parse ] --END-- [ RunTime:0.043521s ]
INFO: [ view_filter ] --START--
INFO: ContentReplace Behavior ::run [ RunTime:0.002941s ]
INFO: TokenBuild Behavior ::run [ RunTime:0.005442s ]
INFO: WriteHtmlCache Behavior ::run [ RunTime:0.002417s ]
INFO: ShowRuntime Behavior ::run [ RunTime:0.003024s ]
INFO: [ view_filter ] --END-- [ RunTime:0.014845s ]
INFO: [ view_end ] --START--
INFO: ShowPageTrace Behavior ::run [ RunTime:0.003786s ]
INFO: [ view_end ] --END-- [ RunTime:0.004097s ]

[ 2016-06-13T18:19:47+08:00 ] 127.0.0.1 /law_office/index.php/Admin/Smar/index
INFO: [ route_check ] --START--
INFO: CheckRoute Behavior ::run [ RunTime:0.002947s ]
INFO: [ route_check ] --END-- [ RunTime:0.003280s ]
INFO: [ app_begin ] --START--
INFO: ReadHtmlCache Behavior ::run [ RunTime:0.002858s ]
INFO: [ app_begin ] --END-- [ RunTime:0.003185s ]
INFO: [ view_parse ] --START--
NOTIC: [8] Undefined variable: 二零 E:\wamp\www\myphp\law_office\APP\Runtime\Cache\Admin\40d57361b515a71d045735a15a8651df.php 第 13 行.
INFO: ParseTemplate Behavior ::run [ RunTime:0.028121s ]
INFO: [ view_parse ] --END-- [ RunTime:0.028516s ]
INFO: [ view_filter ] --START--
INFO: ContentReplace Behavior ::run [ RunTime:0.003063s ]
INFO: TokenBuild Behavior ::run [ RunTime:0.002283s ]
INFO: WriteHtmlCache Behavior ::run [ RunTime:0.001794s ]
INFO: ShowRuntime Behavior ::run [ RunTime:0.003538s ]
INFO: [ view_filter ] --END-- [ RunTime:0.011642s ]
INFO: [ view_end ] --START--
INFO: ShowPageTrace Behavior ::run [ RunTime:0.002961s ]
INFO: [ view_end ] --END-- [ RunTime:0.003265s ]

[ 2016-06-13T18:20:25+08:00 ] 127.0.0.1 /law_office/index.php/Admin/Smar/index
INFO: [ route_check ] --START--
INFO: CheckRoute Behavior ::run [ RunTime:0.004326s ]
INFO: [ route_check ] --END-- [ RunTime:0.004786s ]
INFO: [ app_begin ] --START--
INFO: ReadHtmlCache Behavior ::run [ RunTime:0.005055s ]
INFO: [ app_begin ] --END-- [ RunTime:0.005441s ]
INFO: [ view_parse ] --START--
INFO: ParseTemplate Behavior ::run [ RunTime:0.032730s ]
INFO: [ view_parse ] --END-- [ RunTime:0.033472s ]
INFO: [ view_filter ] --START--
INFO: ContentReplace Behavior ::run [ RunTime:0.003252s ]
INFO: TokenBuild Behavior ::run [ RunTime:0.003782s ]
INFO: WriteHtmlCache Behavior ::run [ RunTime:0.002631s ]
INFO: ShowRuntime Behavior ::run [ RunTime:0.003209s ]
INFO: [ view_filter ] --END-- [ RunTime:0.014216s ]
INFO: [ view_end ] --START--
INFO: ShowPageTrace Behavior ::run [ RunTime:0.002715s ]
INFO: [ view_end ] --END-- [ RunTime:0.003089s ]

[ 2016-06-13T18:20:26+08:00 ] 127.0.0.1 /law_office/index.php/Admin/Smar/index
INFO: [ route_check ] --START--
INFO: CheckRoute Behavior ::run [ RunTime:0.003438s ]
INFO: [ route_check ] --END-- [ RunTime:0.003990s ]
INFO: [ app_begin ] --START--
INFO: ReadHtmlCache Behavior ::run [ RunTime:0.002879s ]
INFO: [ app_begin ] --END-- [ RunTime:0.003249s ]
INFO: [ view_parse ] --START--
INFO: ParseTemplate Behavior ::run [ RunTime:0.030316s ]
INFO: [ view_parse ] --END-- [ RunTime:0.030730s ]
INFO: [ view_filter ] --START--
INFO: ContentReplace Behavior ::run [ RunTime:0.002386s ]
INFO: TokenBuild Behavior ::run [ RunTime:0.002732s ]
INFO: WriteHtmlCache Behavior ::run [ RunTime:0.001905s ]
INFO: ShowRuntime Behavior ::run [ RunTime:0.002485s ]
INFO: [ view_filter ] --END-- [ RunTime:0.010453s ]
INFO: [ view_end ] --START--
INFO: ShowPageTrace Behavior ::run [ RunTime:0.002982s ]
INFO: [ view_end ] --END-- [ RunTime:0.003303s ]

[ 2016-06-13T18:23:39+08:00 ] 127.0.0.1 /law_office/index.php/Admin/Smar/index
INFO: [ route_check ] --START--
INFO: CheckRoute Behavior ::run [ RunTime:0.003657s ]
INFO: [ route_check ] --END-- [ RunTime:0.004043s ]
INFO: [ app_begin ] --START--
INFO: ReadHtmlCache Behavior ::run [ RunTime:0.002911s ]
INFO: [ app_begin ] --END-- [ RunTime:0.003344s ]
INFO: [ view_parse ] --START--
INFO: ParseTemplate Behavior ::run [ RunTime:0.030385s ]
INFO: [ view_parse ] --END-- [ RunTime:0.030960s ]
INFO: [ view_filter ] --START--
INFO: ContentReplace Behavior ::run [ RunTime:0.002528s ]
INFO: TokenBuild Behavior ::run [ RunTime:0.002661s ]
INFO: WriteHtmlCache Behavior ::run [ RunTime:0.002007s ]
INFO: ShowRuntime Behavior ::run [ RunTime:0.002504s ]
INFO: [ view_filter ] --END-- [ RunTime:0.010740s ]
INFO: [ view_end ] --START--
INFO: ShowPageTrace Behavior ::run [ RunTime:0.002696s ]
INFO: [ view_end ] --END-- [ RunTime:0.003022s ]

[ 2016-06-13T18:24:19+08:00 ] 127.0.0.1 /law_office/index.php/Admin/Smar/index
INFO: [ route_check ] --START--
INFO: CheckRoute Behavior ::run [ RunTime:0.003909s ]
INFO: [ route_check ] --END-- [ RunTime:0.004266s ]
INFO: [ app_begin ] --START--
INFO: ReadHtmlCache Behavior ::run [ RunTime:0.003085s ]
INFO: [ app_begin ] --END-- [ RunTime:0.003719s ]

[ 2016-06-13T18:24:20+08:00 ] 127.0.0.1 /law_office/index.php/Admin/Smar/index
INFO: [ route_check ] --START--
INFO: CheckRoute Behavior ::run [ RunTime:0.002685s ]
INFO: [ route_check ] --END-- [ RunTime:0.003160s ]
INFO: [ app_begin ] --START--
INFO: ReadHtmlCache Behavior ::run [ RunTime:0.001605s ]
INFO: [ app_begin ] --END-- [ RunTime:0.001925s ]

[ 2016-06-13T18:28:23+08:00 ] 127.0.0.1 /law_office/index.php/Admin/Smar/index
INFO: [ route_check ] --START--
INFO: CheckRoute Behavior ::run [ RunTime:0.003548s ]
INFO: [ route_check ] --END-- [ RunTime:0.003975s ]
INFO: [ app_begin ] --START--
INFO: ReadHtmlCache Behavior ::run [ RunTime:0.002550s ]
INFO: [ app_begin ] --END-- [ RunTime:0.002899s ]
NOTIC: [8] A session had already been started - ignoring session_start() E:\wamp\www\myphp\law_office\APP\Modules\Admin\Action\SmarAction.class.php 第 2 行.
INFO: [ view_parse ] --START--

[ 2016-06-13T18:28:30+08:00 ] 127.0.0.1 /law_office/index.php/Admin/Smar/index
INFO: [ route_check ] --START--
INFO: CheckRoute Behavior ::run [ RunTime:0.003145s ]
INFO: [ route_check ] --END-- [ RunTime:0.003603s ]
INFO: [ app_begin ] --START--
INFO: ReadHtmlCache Behavior ::run [ RunTime:0.001753s ]
INFO: [ app_begin ] --END-- [ RunTime:0.002082s ]
NOTIC: [8] A session had already been started - ignoring session_start() E:\wamp\www\myphp\law_office\APP\Modules\Admin\Action\SmarAction.class.php 第 2 行.
INFO: [ view_parse ] --START--

[ 2016-06-13T18:28:33+08:00 ] 127.0.0.1 /law_office/index.php/Admin/Smar/index
INFO: [ route_check ] --START--
INFO: CheckRoute Behavior ::run [ RunTime:0.003103s ]
INFO: [ route_check ] --END-- [ RunTime:0.003632s ]
INFO: [ app_begin ] --START--
INFO: ReadHtmlCache Behavior ::run [ RunTime:0.002704s ]
INFO: [ app_begin ] --END-- [ RunTime:0.003316s ]
NOTIC: [8] A session had already been started - ignoring session_start() E:\wamp\www\myphp\law_office\APP\Modules\Admin\Action\SmarAction.class.php 第 2 行.
INFO: [ view_parse ] --START--

[ 2016-06-13T18:28:33+08:00 ] 127.0.0.1 /law_office/index.php/Admin/Smar/index
INFO: [ route_check ] --START--
INFO: CheckRoute Behavior ::run [ RunTime:0.002605s ]
INFO: [ route_check ] --END-- [ RunTime:0.003058s ]
INFO: [ app_begin ] --START--
INFO: ReadHtmlCache Behavior ::run [ RunTime:0.001638s ]
INFO: [ app_begin ] --END-- [ RunTime:0.001988s ]
NOTIC: [8] A session had already been started - ignoring session_start() E:\wamp\www\myphp\law_office\APP\Modules\Admin\Action\SmarAction.class.php 第 2 行.
INFO: [ view_parse ] --START--

[ 2016-06-13T18:49:06+08:00 ] 127.0.0.1 /law_office/index.php/Admin/Smar/index
INFO: [ route_check ] --START--
INFO: CheckRoute Behavior ::run [ RunTime:0.003624s ]
INFO: [ route_check ] --END-- [ RunTime:0.004009s ]
INFO: [ app_begin ] --START--
INFO: ReadHtmlCache Behavior ::run [ RunTime:0.002928s ]
INFO: [ app_begin ] --END-- [ RunTime:0.003433s ]
NOTIC: [8] A session had already been started - ignoring session_start() E:\wamp\www\myphp\law_office\APP\Modules\Admin\Action\SmarAction.class.php 第 2 行.
INFO: [ view_parse ] --START--

[ 2016-06-13T18:49:16+08:00 ] 127.0.0.1 /law_office/index.php/Admin/Smar/index
INFO: [ route_check ] --START--
INFO: CheckRoute Behavior ::run [ RunTime:0.003290s ]
INFO: [ route_check ] --END-- [ RunTime:0.003903s ]
INFO: [ app_begin ] --START--
INFO: ReadHtmlCache Behavior ::run [ RunTime:0.001783s ]
INFO: [ app_begin ] --END-- [ RunTime:0.002212s ]
NOTIC: [8] A session had already been started - ignoring session_start() E:\wamp\www\myphp\law_office\APP\Modules\Admin\Action\SmarAction.class.php 第 2 行.
INFO: [ view_parse ] --START--

[ 2016-06-13T18:49:59+08:00 ] 127.0.0.1 /law_office/index.php/Admin/Smar/index
INFO: [ route_check ] --START--
INFO: CheckRoute Behavior ::run [ RunTime:0.001673s ]
INFO: [ route_check ] --END-- [ RunTime:0.002044s ]
INFO: [ app_begin ] --START--
INFO: ReadHtmlCache Behavior ::run [ RunTime:0.001664s ]
INFO: [ app_begin ] --END-- [ RunTime:0.002025s ]
NOTIC: [8] A session had already been started - ignoring session_start() E:\wamp\www\myphp\law_office\APP\Modules\Admin\Action\SmarAction.class.php 第 2 行.
INFO: [ view_parse ] --START--

[ 2016-06-13T18:50:17+08:00 ] 127.0.0.1 /law_office/index.php/Admin/Smar/index
INFO: [ route_check ] --START--
INFO: CheckRoute Behavior ::run [ RunTime:0.002197s ]
INFO: [ route_check ] --END-- [ RunTime:0.002514s ]
INFO: [ app_begin ] --START--
INFO: ReadHtmlCache Behavior ::run [ RunTime:0.001681s ]
INFO: [ app_begin ] --END-- [ RunTime:0.002039s ]
NOTIC: [8] A session had already been started - ignoring session_start() E:\wamp\www\myphp\law_office\APP\Modules\Admin\Action\SmarAction.class.php 第 2 行.
INFO: [ view_parse ] --START--

[ 2016-06-13T18:50:20+08:00 ] 127.0.0.1 /law_office/index.php/Admin/Smar/index
INFO: [ route_check ] --START--
INFO: CheckRoute Behavior ::run [ RunTime:0.001988s ]
INFO: [ route_check ] --END-- [ RunTime:0.002321s ]
INFO: [ app_begin ] --START--
INFO: ReadHtmlCache Behavior ::run [ RunTime:0.001520s ]
INFO: [ app_begin ] --END-- [ RunTime:0.001814s ]
NOTIC: [8] A session had already been started - ignoring session_start() E:\wamp\www\myphp\law_office\APP\Modules\Admin\Action\SmarAction.class.php 第 2 行.
INFO: [ view_parse ] --START--

[ 2016-06-13T18:50:37+08:00 ] 127.0.0.1 /law_office/index.php/Admin/Smar/index
INFO: [ route_check ] --START--
INFO: CheckRoute Behavior ::run [ RunTime:0.002207s ]
INFO: [ route_check ] --END-- [ RunTime:0.002596s ]
INFO: [ app_begin ] --START--
INFO: ReadHtmlCache Behavior ::run [ RunTime:0.001629s ]
INFO: [ app_begin ] --END-- [ RunTime:0.001948s ]
NOTIC: [8] A session had already been started - ignoring session_start() E:\wamp\www\myphp\law_office\APP\Modules\Admin\Action\SmarAction.class.php 第 2 行.
INFO: [ view_parse ] --START--
NOTIC: [8] Undefined variable: title E:\wamp\www\myphp\law_office\APP\Runtime\Cache\Admin\40d57361b515a71d045735a15a8651df.php 第 4 行.
NOTIC: [8] Undefined variable: A E:\wamp\www\myphp\law_office\APP\Runtime\Cache\Admin\40d57361b515a71d045735a15a8651df.php 第 8 行.
NOTIC: [8] Undefined variable: B E:\wamp\www\myphp\law_office\APP\Runtime\Cache\Admin\40d57361b515a71d045735a15a8651df.php 第 9 行.
NOTIC: [8] Undefined variable: C E:\wamp\www\myphp\law_office\APP\Runtime\Cache\Admin\40d57361b515a71d045735a15a8651df.php 第 10 行.
NOTIC: [8] Undefined variable: two E:\wamp\www\myphp\law_office\APP\Runtime\Cache\Admin\40d57361b515a71d045735a15a8651df.php 第 11 行.
NOTIC: [8] Undefined variable: two E:\wamp\www\myphp\law_office\APP\Runtime\Cache\Admin\40d57361b515a71d045735a15a8651df.php 第 12 行.
NOTIC: [8] Undefined variable: two E:\wamp\www\myphp\law_office\APP\Runtime\Cache\Admin\40d57361b515a71d045735a15a8651df.php 第 13 行.
NOTIC: [8] Undefined variable: two E:\wamp\www\myphp\law_office\APP\Runtime\Cache\Admin\40d57361b515a71d045735a15a8651df.php 第 14 行.

[ 2016-06-13T18:50:43+08:00 ] 127.0.0.1 /law_office/index.php/Admin/Smar/
INFO: [ route_check ] --START--
INFO: CheckRoute Behavior ::run [ RunTime:0.002350s ]
INFO: [ route_check ] --END-- [ RunTime:0.002702s ]
INFO: [ app_begin ] --START--
INFO: ReadHtmlCache Behavior ::run [ RunTime:0.002202s ]
INFO: [ app_begin ] --END-- [ RunTime:0.002667s ]
NOTIC: [8] A session had already been started - ignoring session_start() E:\wamp\www\myphp\law_office\APP\Modules\Admin\Action\SmarAction.class.php 第 2 行.
INFO: [ view_parse ] --START--
NOTIC: [8] Undefined variable: title E:\wamp\www\myphp\law_office\APP\Runtime\Cache\Admin\40d57361b515a71d045735a15a8651df.php 第 4 行.
NOTIC: [8] Undefined variable: A E:\wamp\www\myphp\law_office\APP\Runtime\Cache\Admin\40d57361b515a71d045735a15a8651df.php 第 8 行.
NOTIC: [8] Undefined variable: B E:\wamp\www\myphp\law_office\APP\Runtime\Cache\Admin\40d57361b515a71d045735a15a8651df.php 第 9 行.
NOTIC: [8] Undefined variable: C E:\wamp\www\myphp\law_office\APP\Runtime\Cache\Admin\40d57361b515a71d045735a15a8651df.php 第 10 行.
NOTIC: [8] Undefined variable: two E:\wamp\www\myphp\law_office\APP\Runtime\Cache\Admin\40d57361b515a71d045735a15a8651df.php 第 11 行.
NOTIC: [8] Undefined variable: two E:\wamp\www\myphp\law_office\APP\Runtime\Cache\Admin\40d57361b515a71d045735a15a8651df.php 第 12 行.
NOTIC: [8] Undefined variable: two E:\wamp\www\myphp\law_office\APP\Runtime\Cache\Admin\40d57361b515a71d045735a15a8651df.php 第 13 行.
NOTIC: [8] Undefined variable: two E:\wamp\www\myphp\law_office\APP\Runtime\Cache\Admin\40d57361b515a71d045735a15a8651df.php 第 14 行.

[ 2016-06-13T18:52:11+08:00 ] 127.0.0.1 /law_office/index.php/Admin/Smar/
INFO: [ route_check ] --START--
INFO: CheckRoute Behavior ::run [ RunTime:0.003131s ]
INFO: [ route_check ] --END-- [ RunTime:0.003488s ]
INFO: [ app_begin ] --START--
INFO: ReadHtmlCache Behavior ::run [ RunTime:0.001999s ]
INFO: [ app_begin ] --END-- [ RunTime:0.002318s ]
NOTIC: [8] A session had already been started - ignoring session_start() E:\wamp\www\myphp\law_office\APP\Modules\Admin\Action\SmarAction.class.php 第 2 行.
INFO: [ view_parse ] --START--
NOTIC: [8] Undefined variable: title E:\wamp\www\myphp\law_office\APP\Runtime\Cache\Admin\40d57361b515a71d045735a15a8651df.php 第 4 行.
NOTIC: [8] Undefined variable: A E:\wamp\www\myphp\law_office\APP\Runtime\Cache\Admin\40d57361b515a71d045735a15a8651df.php 第 8 行.
NOTIC: [8] Undefined variable: B E:\wamp\www\myphp\law_office\APP\Runtime\Cache\Admin\40d57361b515a71d045735a15a8651df.php 第 9 行.
NOTIC: [8] Undefined variable: C E:\wamp\www\myphp\law_office\APP\Runtime\Cache\Admin\40d57361b515a71d045735a15a8651df.php 第 10 行.
NOTIC: [8] Undefined variable: two E:\wamp\www\myphp\law_office\APP\Runtime\Cache\Admin\40d57361b515a71d045735a15a8651df.php 第 11 行.
NOTIC: [8] Undefined variable: two E:\wamp\www\myphp\law_office\APP\Runtime\Cache\Admin\40d57361b515a71d045735a15a8651df.php 第 12 行.
NOTIC: [8] Undefined variable: two E:\wamp\www\myphp\law_office\APP\Runtime\Cache\Admin\40d57361b515a71d045735a15a8651df.php 第 13 行.
NOTIC: [8] Undefined variable: two E:\wamp\www\myphp\law_office\APP\Runtime\Cache\Admin\40d57361b515a71d045735a15a8651df.php 第 14 行.

[ 2016-06-13T18:52:11+08:00 ] 127.0.0.1 /law_office/index.php/Admin/Smar/
INFO: [ route_check ] --START--
INFO: CheckRoute Behavior ::run [ RunTime:0.002215s ]
INFO: [ route_check ] --END-- [ RunTime:0.002578s ]
INFO: [ app_begin ] --START--
INFO: ReadHtmlCache Behavior ::run [ RunTime:0.001947s ]
INFO: [ app_begin ] --END-- [ RunTime:0.002313s ]
NOTIC: [8] A session had already been started - ignoring session_start() E:\wamp\www\myphp\law_office\APP\Modules\Admin\Action\SmarAction.class.php 第 2 行.
INFO: [ view_parse ] --START--
NOTIC: [8] Undefined variable: title E:\wamp\www\myphp\law_office\APP\Runtime\Cache\Admin\40d57361b515a71d045735a15a8651df.php 第 4 行.
NOTIC: [8] Undefined variable: A E:\wamp\www\myphp\law_office\APP\Runtime\Cache\Admin\40d57361b515a71d045735a15a8651df.php 第 8 行.
NOTIC: [8] Undefined variable: B E:\wamp\www\myphp\law_office\APP\Runtime\Cache\Admin\40d57361b515a71d045735a15a8651df.php 第 9 行.
NOTIC: [8] Undefined variable: C E:\wamp\www\myphp\law_office\APP\Runtime\Cache\Admin\40d57361b515a71d045735a15a8651df.php 第 10 行.
NOTIC: [8] Undefined variable: two E:\wamp\www\myphp\law_office\APP\Runtime\Cache\Admin\40d57361b515a71d045735a15a8651df.php 第 11 行.
NOTIC: [8] Undefined variable: two E:\wamp\www\myphp\law_office\APP\Runtime\Cache\Admin\40d57361b515a71d045735a15a8651df.php 第 12 行.
NOTIC: [8] Undefined variable: two E:\wamp\www\myphp\law_office\APP\Runtime\Cache\Admin\40d57361b515a71d045735a15a8651df.php 第 13 行.
NOTIC: [8] Undefined variable: two E:\wamp\www\myphp\law_office\APP\Runtime\Cache\Admin\40d57361b515a71d045735a15a8651df.php 第 14 行.

[ 2016-06-13T18:52:24+08:00 ] 127.0.0.1 /law_office/index.php/Admin/Smar/
INFO: [ route_check ] --START--
INFO: CheckRoute Behavior ::run [ RunTime:0.003816s ]
INFO: [ route_check ] --END-- [ RunTime:0.004267s ]
INFO: [ app_begin ] --START--
INFO: ReadHtmlCache Behavior ::run [ RunTime:0.002035s ]
INFO: [ app_begin ] --END-- [ RunTime:0.002361s ]
NOTIC: [8] A session had already been started - ignoring session_start() E:\wamp\www\myphp\law_office\APP\Modules\Admin\Action\SmarAction.class.php 第 2 行.
INFO: [ view_parse ] --START--
NOTIC: [8] Undefined variable: title E:\wamp\www\myphp\law_office\APP\Runtime\Cache\Admin\40d57361b515a71d045735a15a8651df.php 第 4 行.
NOTIC: [8] Undefined variable: A E:\wamp\www\myphp\law_office\APP\Runtime\Cache\Admin\40d57361b515a71d045735a15a8651df.php 第 8 行.
NOTIC: [8] Undefined variable: B E:\wamp\www\myphp\law_office\APP\Runtime\Cache\Admin\40d57361b515a71d045735a15a8651df.php 第 9 行.
NOTIC: [8] Undefined variable: C E:\wamp\www\myphp\law_office\APP\Runtime\Cache\Admin\40d57361b515a71d045735a15a8651df.php 第 10 行.
NOTIC: [8] Undefined variable: two E:\wamp\www\myphp\law_office\APP\Runtime\Cache\Admin\40d57361b515a71d045735a15a8651df.php 第 11 行.
NOTIC: [8] Undefined variable: two E:\wamp\www\myphp\law_office\APP\Runtime\Cache\Admin\40d57361b515a71d045735a15a8651df.php 第 12 行.
NOTIC: [8] Undefined variable: two E:\wamp\www\myphp\law_office\APP\Runtime\Cache\Admin\40d57361b515a71d045735a15a8651df.php 第 13 行.
NOTIC: [8] Undefined variable: two E:\wamp\www\myphp\law_office\APP\Runtime\Cache\Admin\40d57361b515a71d045735a15a8651df.php 第 14 行.

[ 2016-06-13T18:52:34+08:00 ] 127.0.0.1 /law_office/index.php/Admin/Smar
INFO: [ route_check ] --START--
INFO: CheckRoute Behavior ::run [ RunTime:0.002047s ]
INFO: [ route_check ] --END-- [ RunTime:0.002397s ]
INFO: [ app_begin ] --START--
INFO: ReadHtmlCache Behavior ::run [ RunTime:0.001722s ]
INFO: [ app_begin ] --END-- [ RunTime:0.002075s ]
NOTIC: [8] A session had already been started - ignoring session_start() E:\wamp\www\myphp\law_office\APP\Modules\Admin\Action\SmarAction.class.php 第 2 行.
INFO: [ view_parse ] --START--
NOTIC: [8] Undefined variable: title E:\wamp\www\myphp\law_office\APP\Runtime\Cache\Admin\40d57361b515a71d045735a15a8651df.php 第 4 行.
NOTIC: [8] Undefined variable: A E:\wamp\www\myphp\law_office\APP\Runtime\Cache\Admin\40d57361b515a71d045735a15a8651df.php 第 8 行.
NOTIC: [8] Undefined variable: B E:\wamp\www\myphp\law_office\APP\Runtime\Cache\Admin\40d57361b515a71d045735a15a8651df.php 第 9 行.
NOTIC: [8] Undefined variable: C E:\wamp\www\myphp\law_office\APP\Runtime\Cache\Admin\40d57361b515a71d045735a15a8651df.php 第 10 行.
NOTIC: [8] Undefined variable: two E:\wamp\www\myphp\law_office\APP\Runtime\Cache\Admin\40d57361b515a71d045735a15a8651df.php 第 11 行.
NOTIC: [8] Undefined variable: two E:\wamp\www\myphp\law_office\APP\Runtime\Cache\Admin\40d57361b515a71d045735a15a8651df.php 第 12 行.
NOTIC: [8] Undefined variable: two E:\wamp\www\myphp\law_office\APP\Runtime\Cache\Admin\40d57361b515a71d045735a15a8651df.php 第 13 行.
NOTIC: [8] Undefined variable: two E:\wamp\www\myphp\law_office\APP\Runtime\Cache\Admin\40d57361b515a71d045735a15a8651df.php 第 14 行.

[ 2016-06-13T18:52:54+08:00 ] 127.0.0.1 /law_office/index.php/Admin/Smar
INFO: [ route_check ] --START--
INFO: CheckRoute Behavior ::run [ RunTime:0.002104s ]
INFO: [ route_check ] --END-- [ RunTime:0.002452s ]
INFO: [ app_begin ] --START--
INFO: ReadHtmlCache Behavior ::run [ RunTime:0.001582s ]
INFO: [ app_begin ] --END-- [ RunTime:0.001889s ]
NOTIC: [8] A session had already been started - ignoring session_start() E:\wamp\www\myphp\law_office\APP\Modules\Admin\Action\SmarAction.class.php 第 2 行.
INFO: [ view_parse ] --START--
NOTIC: [8] Undefined variable: title E:\wamp\www\myphp\law_office\APP\Runtime\Cache\Admin\40d57361b515a71d045735a15a8651df.php 第 4 行.
NOTIC: [8] Undefined variable: A E:\wamp\www\myphp\law_office\APP\Runtime\Cache\Admin\40d57361b515a71d045735a15a8651df.php 第 8 行.
NOTIC: [8] Undefined variable: B E:\wamp\www\myphp\law_office\APP\Runtime\Cache\Admin\40d57361b515a71d045735a15a8651df.php 第 9 行.
NOTIC: [8] Undefined variable: C E:\wamp\www\myphp\law_office\APP\Runtime\Cache\Admin\40d57361b515a71d045735a15a8651df.php 第 10 行.
NOTIC: [8] Undefined variable: two E:\wamp\www\myphp\law_office\APP\Runtime\Cache\Admin\40d57361b515a71d045735a15a8651df.php 第 11 行.
NOTIC: [8] Undefined variable: two E:\wamp\www\myphp\law_office\APP\Runtime\Cache\Admin\40d57361b515a71d045735a15a8651df.php 第 12 行.
NOTIC: [8] Undefined variable: two E:\wamp\www\myphp\law_office\APP\Runtime\Cache\Admin\40d57361b515a71d045735a15a8651df.php 第 13 行.
NOTIC: [8] Undefined variable: two E:\wamp\www\myphp\law_office\APP\Runtime\Cache\Admin\40d57361b515a71d045735a15a8651df.php 第 14 行.
INFO: ParseTemplate Behavior ::run [ RunTime:0.026778s ]
INFO: [ view_parse ] --END-- [ RunTime:0.027208s ]
INFO: [ view_filter ] --START--
INFO: ContentReplace Behavior ::run [ RunTime:0.001610s ]
INFO: TokenBuild Behavior ::run [ RunTime:0.001843s ]
INFO: WriteHtmlCache Behavior ::run [ RunTime:0.001456s ]
INFO: ShowRuntime Behavior ::run [ RunTime:0.002149s ]
INFO: [ view_filter ] --END-- [ RunTime:0.008028s ]
INFO: [ view_end ] --START--
INFO: ShowPageTrace Behavior ::run [ RunTime:0.002180s ]
INFO: [ view_end ] --END-- [ RunTime:0.002476s ]

[ 2016-06-13T18:53:05+08:00 ] 127.0.0.1 /law_office/index.php/Admin/Smar
INFO: [ route_check ] --START--
INFO: CheckRoute Behavior ::run [ RunTime:0.002121s ]
INFO: [ route_check ] --END-- [ RunTime:0.002519s ]
INFO: [ app_begin ] --START--
INFO: ReadHtmlCache Behavior ::run [ RunTime:0.002142s ]
INFO: [ app_begin ] --END-- [ RunTime:0.002581s ]
NOTIC: [8] A session had already been started - ignoring session_start() E:\wamp\www\myphp\law_office\APP\Modules\Admin\Action\SmarAction.class.php 第 2 行.
INFO: [ view_parse ] --START--

[ 2016-06-13T18:53:10+08:00 ] 127.0.0.1 /law_office/index.php/Admin/Smar
INFO: [ route_check ] --START--
INFO: CheckRoute Behavior ::run [ RunTime:0.002196s ]
INFO: [ route_check ] --END-- [ RunTime:0.002620s ]
INFO: [ app_begin ] --START--
INFO: ReadHtmlCache Behavior ::run [ RunTime:0.002033s ]
INFO: [ app_begin ] --END-- [ RunTime:0.002427s ]
NOTIC: [8] A session had already been started - ignoring session_start() E:\wamp\www\myphp\law_office\APP\Modules\Admin\Action\SmarAction.class.php 第 2 行.
INFO: [ view_parse ] --START--
INFO: ParseTemplate Behavior ::run [ RunTime:0.019155s ]
INFO: [ view_parse ] --END-- [ RunTime:0.019506s ]
INFO: [ view_filter ] --START--
INFO: ContentReplace Behavior ::run [ RunTime:0.001194s ]
INFO: TokenBuild Behavior ::run [ RunTime:0.001257s ]
INFO: WriteHtmlCache Behavior ::run [ RunTime:0.000895s ]
INFO: ShowRuntime Behavior ::run [ RunTime:0.001530s ]
INFO: [ view_filter ] --END-- [ RunTime:0.005709s ]
INFO: [ view_end ] --START--
INFO: ShowPageTrace Behavior ::run [ RunTime:0.001766s ]
INFO: [ view_end ] --END-- [ RunTime:0.002073s ]

[ 2016-06-13T18:53:50+08:00 ] 127.0.0.1 /law_office/index.php/Admin/Smar
INFO: [ route_check ] --START--
INFO: CheckRoute Behavior ::run [ RunTime:0.002302s ]
INFO: [ route_check ] --END-- [ RunTime:0.002688s ]
INFO: [ app_begin ] --START--
INFO: ReadHtmlCache Behavior ::run [ RunTime:0.002046s ]
INFO: [ app_begin ] --END-- [ RunTime:0.002684s ]
NOTIC: [8] A session had already been started - ignoring session_start() E:\wamp\www\myphp\law_office\APP\Modules\Admin\Action\SmarAction.class.php 第 2 行.
INFO: [ view_parse ] --START--

[ 2016-06-13T18:53:59+08:00 ] 127.0.0.1 /law_office/index.php/Admin/Smar
INFO: [ route_check ] --START--
INFO: CheckRoute Behavior ::run [ RunTime:0.002641s ]
INFO: [ route_check ] --END-- [ RunTime:0.003037s ]
INFO: [ app_begin ] --START--
INFO: ReadHtmlCache Behavior ::run [ RunTime:0.001769s ]
INFO: [ app_begin ] --END-- [ RunTime:0.002201s ]
NOTIC: [8] A session had already been started - ignoring session_start() E:\wamp\www\myphp\law_office\APP\Modules\Admin\Action\SmarAction.class.php 第 2 行.
INFO: [ view_parse ] --START--
INFO: ParseTemplate Behavior ::run [ RunTime:0.020935s ]
INFO: [ view_parse ] --END-- [ RunTime:0.021367s ]
INFO: [ view_filter ] --START--
INFO: ContentReplace Behavior ::run [ RunTime:0.001195s ]
INFO: TokenBuild Behavior ::run [ RunTime:0.001426s ]
INFO: WriteHtmlCache Behavior ::run [ RunTime:0.000900s ]
INFO: ShowRuntime Behavior ::run [ RunTime:0.001535s ]
INFO: [ view_filter ] --END-- [ RunTime:0.005917s ]
INFO: [ view_end ] --START--
INFO: ShowPageTrace Behavior ::run [ RunTime:0.001820s ]
INFO: [ view_end ] --END-- [ RunTime:0.002142s ]

[ 2016-06-13T18:54:02+08:00 ] 127.0.0.1 /law_office/index.php/Admin/Smar
INFO: [ route_check ] --START--
INFO: CheckRoute Behavior ::run [ RunTime:0.002166s ]
INFO: [ route_check ] --END-- [ RunTime:0.002613s ]
INFO: [ app_begin ] --START--
INFO: ReadHtmlCache Behavior ::run [ RunTime:0.001640s ]
INFO: [ app_begin ] --END-- [ RunTime:0.001967s ]
NOTIC: [8] A session had already been started - ignoring session_start() E:\wamp\www\myphp\law_office\APP\Modules\Admin\Action\SmarAction.class.php 第 2 行.
INFO: [ view_parse ] --START--
INFO: ParseTemplate Behavior ::run [ RunTime:0.021392s ]
INFO: [ view_parse ] --END-- [ RunTime:0.021740s ]
INFO: [ view_filter ] --START--
INFO: ContentReplace Behavior ::run [ RunTime:0.001173s ]
INFO: TokenBuild Behavior ::run [ RunTime:0.001308s ]
INFO: WriteHtmlCache Behavior ::run [ RunTime:0.000884s ]
INFO: ShowRuntime Behavior ::run [ RunTime:0.001492s ]
INFO: [ view_filter ] --END-- [ RunTime:0.005697s ]
INFO: [ view_end ] --START--
INFO: ShowPageTrace Behavior ::run [ RunTime:0.001783s ]
INFO: [ view_end ] --END-- [ RunTime:0.002124s ]

[ 2016-06-13T18:54:20+08:00 ] 127.0.0.1 /law_office/index.php/Admin/Smar
INFO: [ route_check ] --START--
INFO: CheckRoute Behavior ::run [ RunTime:0.002203s ]
INFO: [ route_check ] --END-- [ RunTime:0.002586s ]
INFO: [ app_begin ] --START--
INFO: ReadHtmlCache Behavior ::run [ RunTime:0.001612s ]
INFO: [ app_begin ] --END-- [ RunTime:0.001948s ]
NOTIC: [8] A session had already been started - ignoring session_start() E:\wamp\www\myphp\law_office\APP\Modules\Admin\Action\SmarAction.class.php 第 2 行.
INFO: [ view_parse ] --START--
NOTIC: [8] Undefined variable: smarty E:\wamp\www\myphp\law_office\APP\Runtime\Cache\Admin\40d57361b515a71d045735a15a8651df.php 第 16 行.
INFO: ParseTemplate Behavior ::run [ RunTime:0.020325s ]
INFO: [ view_parse ] --END-- [ RunTime:0.020742s ]
INFO: [ view_filter ] --START--
INFO: ContentReplace Behavior ::run [ RunTime:0.001242s ]
INFO: TokenBuild Behavior ::run [ RunTime:0.001311s ]
INFO: WriteHtmlCache Behavior ::run [ RunTime:0.000926s ]
INFO: ShowRuntime Behavior ::run [ RunTime:0.001562s ]
INFO: [ view_filter ] --END-- [ RunTime:0.005902s ]
INFO: [ view_end ] --START--
INFO: ShowPageTrace Behavior ::run [ RunTime:0.001761s ]
INFO: [ view_end ] --END-- [ RunTime:0.002073s ]

[ 2016-06-13T18:54:22+08:00 ] 127.0.0.1 /law_office/index.php/Admin/Smar
INFO: [ route_check ] --START--
INFO: CheckRoute Behavior ::run [ RunTime:0.002072s ]
INFO: [ route_check ] --END-- [ RunTime:0.002413s ]
INFO: [ app_begin ] --START--
INFO: ReadHtmlCache Behavior ::run [ RunTime:0.001566s ]
INFO: [ app_begin ] --END-- [ RunTime:0.001879s ]
NOTIC: [8] A session had already been started - ignoring session_start() E:\wamp\www\myphp\law_office\APP\Modules\Admin\Action\SmarAction.class.php 第 2 行.
INFO: [ view_parse ] --START--
NOTIC: [8] Undefined variable: smarty E:\wamp\www\myphp\law_office\APP\Runtime\Cache\Admin\40d57361b515a71d045735a15a8651df.php 第 16 行.
INFO: ParseTemplate Behavior ::run [ RunTime:0.021392s ]
INFO: [ view_parse ] --END-- [ RunTime:0.021777s ]
INFO: [ view_filter ] --START--
INFO: ContentReplace Behavior ::run [ RunTime:0.001489s ]
INFO: TokenBuild Behavior ::run [ RunTime:0.001490s ]
INFO: WriteHtmlCache Behavior ::run [ RunTime:0.000894s ]
INFO: ShowRuntime Behavior ::run [ RunTime:0.001704s ]
INFO: [ view_filter ] --END-- [ RunTime:0.006503s ]
INFO: [ view_end ] --START--
INFO: ShowPageTrace Behavior ::run [ RunTime:0.001915s ]
INFO: [ view_end ] --END-- [ RunTime:0.002299s ]

[ 2016-06-13T18:54:24+08:00 ] 127.0.0.1 /law_office/index.php/Admin/Smar
INFO: [ route_check ] --START--
INFO: CheckRoute Behavior ::run [ RunTime:0.002131s ]
INFO: [ route_check ] --END-- [ RunTime:0.002498s ]
INFO: [ app_begin ] --START--
INFO: ReadHtmlCache Behavior ::run [ RunTime:0.002353s ]
INFO: [ app_begin ] --END-- [ RunTime:0.002738s ]
NOTIC: [8] A session had already been started - ignoring session_start() E:\wamp\www\myphp\law_office\APP\Modules\Admin\Action\SmarAction.class.php 第 2 行.
INFO: [ view_parse ] --START--
NOTIC: [8] Undefined variable: smarty E:\wamp\www\myphp\law_office\APP\Runtime\Cache\Admin\40d57361b515a71d045735a15a8651df.php 第 16 行.
INFO: ParseTemplate Behavior ::run [ RunTime:0.027214s ]
INFO: [ view_parse ] --END-- [ RunTime:0.027679s ]
INFO: [ view_filter ] --START--
INFO: ContentReplace Behavior ::run [ RunTime:0.001776s ]
INFO: TokenBuild Behavior ::run [ RunTime:0.001382s ]
INFO: WriteHtmlCache Behavior ::run [ RunTime:0.000942s ]
INFO: ShowRuntime Behavior ::run [ RunTime:0.001608s ]
INFO: [ view_filter ] --END-- [ RunTime:0.006714s ]
INFO: [ view_end ] --START--
INFO: ShowPageTrace Behavior ::run [ RunTime:0.001817s ]
INFO: [ view_end ] --END-- [ RunTime:0.002108s ]

[ 2016-06-13T18:54:51+08:00 ] 127.0.0.1 /law_office/index.php/Admin/Smar
INFO: [ route_check ] --START--
INFO: CheckRoute Behavior ::run [ RunTime:0.003231s ]
INFO: [ route_check ] --END-- [ RunTime:0.003680s ]
INFO: [ app_begin ] --START--
INFO: ReadHtmlCache Behavior ::run [ RunTime:0.003158s ]
INFO: [ app_begin ] --END-- [ RunTime:0.003714s ]
NOTIC: [8] A session had already been started - ignoring session_start() E:\wamp\www\myphp\law_office\APP\Modules\Admin\Action\SmarAction.class.php 第 2 行.
INFO: [ view_parse ] --START--
INFO: ParseTemplate Behavior ::run [ RunTime:0.028451s ]
INFO: [ view_parse ] --END-- [ RunTime:0.028971s ]
INFO: [ view_filter ] --START--
INFO: ContentReplace Behavior ::run [ RunTime:0.001547s ]
INFO: TokenBuild Behavior ::run [ RunTime:0.001447s ]
INFO: WriteHtmlCache Behavior ::run [ RunTime:0.001437s ]
INFO: ShowRuntime Behavior ::run [ RunTime:0.001762s ]
INFO: [ view_filter ] --END-- [ RunTime:0.007344s ]
INFO: [ view_end ] --START--
INFO: ShowPageTrace Behavior ::run [ RunTime:0.001893s ]
INFO: [ view_end ] --END-- [ RunTime:0.002317s ]

[ 2016-06-13T18:54:56+08:00 ] 127.0.0.1 /law_office/index.php/Admin/Smar
INFO: [ route_check ] --START--
INFO: CheckRoute Behavior ::run [ RunTime:0.002374s ]
INFO: [ route_check ] --END-- [ RunTime:0.002881s ]
INFO: [ app_begin ] --START--
INFO: ReadHtmlCache Behavior ::run [ RunTime:0.002140s ]
INFO: [ app_begin ] --END-- [ RunTime:0.002758s ]
NOTIC: [8] A session had already been started - ignoring session_start() E:\wamp\www\myphp\law_office\APP\Modules\Admin\Action\SmarAction.class.php 第 2 行.
INFO: [ view_parse ] --START--
NOTIC: [8] Undefined variable: smarty E:\wamp\www\myphp\law_office\APP\Runtime\Cache\Admin\40d57361b515a71d045735a15a8651df.php 第 16 行.
INFO: ParseTemplate Behavior ::run [ RunTime:0.021783s ]
INFO: [ view_parse ] --END-- [ RunTime:0.022135s ]
INFO: [ view_filter ] --START--
INFO: ContentReplace Behavior ::run [ RunTime:0.001663s ]
INFO: TokenBuild Behavior ::run [ RunTime:0.001594s ]
INFO: WriteHtmlCache Behavior ::run [ RunTime:0.001252s ]
INFO: ShowRuntime Behavior ::run [ RunTime:0.001955s ]
INFO: [ view_filter ] --END-- [ RunTime:0.007316s ]
INFO: [ view_end ] --START--
INFO: ShowPageTrace Behavior ::run [ RunTime:0.002582s ]
INFO: [ view_end ] --END-- [ RunTime:0.002985s ]

[ 2016-06-13T18:55:39+08:00 ] 127.0.0.1 /law_office/index.php/Admin/Smar
INFO: [ route_check ] --START--
INFO: CheckRoute Behavior ::run [ RunTime:0.002235s ]
INFO: [ route_check ] --END-- [ RunTime:0.002601s ]
INFO: [ app_begin ] --START--
INFO: ReadHtmlCache Behavior ::run [ RunTime:0.001802s ]
INFO: [ app_begin ] --END-- [ RunTime:0.002184s ]
NOTIC: [8] A session had already been started - ignoring session_start() E:\wamp\www\myphp\law_office\APP\Modules\Admin\Action\SmarAction.class.php 第 2 行.
INFO: [ view_parse ] --START--

[ 2016-06-13T18:58:36+08:00 ] 127.0.0.1 /law_office/index.php/Admin/Smar
INFO: [ route_check ] --START--
INFO: CheckRoute Behavior ::run [ RunTime:0.004248s ]
INFO: [ route_check ] --END-- [ RunTime:0.004811s ]
INFO: [ app_begin ] --START--
INFO: ReadHtmlCache Behavior ::run [ RunTime:0.002948s ]
INFO: [ app_begin ] --END-- [ RunTime:0.003461s ]
NOTIC: [8] A session had already been started - ignoring session_start() E:\wamp\www\myphp\law_office\APP\Modules\Admin\Action\SmarAction.class.php 第 2 行.
NOTIC: [8] Undefined variable: smarty E:\wamp\www\myphp\law_office\APP\Modules\Admin\Action\SmarAction.class.php 第 9 行.

[ 2016-06-13T18:59:05+08:00 ] 127.0.0.1 /law_office/index.php/Admin/Smar
INFO: [ route_check ] --START--
INFO: CheckRoute Behavior ::run [ RunTime:0.002213s ]
INFO: [ route_check ] --END-- [ RunTime:0.002560s ]
INFO: [ app_begin ] --START--
INFO: ReadHtmlCache Behavior ::run [ RunTime:0.001724s ]
INFO: [ app_begin ] --END-- [ RunTime:0.002040s ]
NOTIC: [8] A session had already been started - ignoring session_start() E:\wamp\www\myphp\law_office\APP\Modules\Admin\Action\SmarAction.class.php 第 2 行.
NOTIC: [8] Undefined variable: smarty E:\wamp\www\myphp\law_office\APP\Modules\Admin\Action\SmarAction.class.php 第 9 行.

[ 2016-06-13T18:59:51+08:00 ] 127.0.0.1 /law_office/index.php/Admin/Smar
INFO: [ route_check ] --START--
INFO: CheckRoute Behavior ::run [ RunTime:0.002070s ]
INFO: [ route_check ] --END-- [ RunTime:0.002415s ]
INFO: [ app_begin ] --START--
INFO: ReadHtmlCache Behavior ::run [ RunTime:0.002181s ]
INFO: [ app_begin ] --END-- [ RunTime:0.002787s ]
NOTIC: [8] A session had already been started - ignoring session_start() E:\wamp\www\myphp\law_office\APP\Modules\Admin\Action\SmarAction.class.php 第 2 行.
INFO: [ view_parse ] --START--
INFO: ParseTemplate Behavior ::run [ RunTime:0.024724s ]
INFO: [ view_parse ] --END-- [ RunTime:0.025094s ]
INFO: [ view_filter ] --START--
INFO: ContentReplace Behavior ::run [ RunTime:0.001623s ]
INFO: TokenBuild Behavior ::run [ RunTime:0.001558s ]
INFO: WriteHtmlCache Behavior ::run [ RunTime:0.001186s ]
INFO: ShowRuntime Behavior ::run [ RunTime:0.001789s ]
INFO: [ view_filter ] --END-- [ RunTime:0.006974s ]
INFO: [ view_end ] --START--
INFO: ShowPageTrace Behavior ::run [ RunTime:0.002034s ]
INFO: [ view_end ] --END-- [ RunTime:0.002327s ]

[ 2016-06-13T19:00:00+08:00 ] 127.0.0.1 /law_office/index.php/Admin/Smar
INFO: [ route_check ] --START--
INFO: CheckRoute Behavior ::run [ RunTime:0.002226s ]
INFO: [ route_check ] --END-- [ RunTime:0.002613s ]
INFO: [ app_begin ] --START--
INFO: ReadHtmlCache Behavior ::run [ RunTime:0.001653s ]
INFO: [ app_begin ] --END-- [ RunTime:0.001999s ]
NOTIC: [8] A session had already been started - ignoring session_start() E:\wamp\www\myphp\law_office\APP\Modules\Admin\Action\SmarAction.class.php 第 2 行.
INFO: [ view_parse ] --START--
INFO: ParseTemplate Behavior ::run [ RunTime:0.020657s ]
INFO: [ view_parse ] --END-- [ RunTime:0.021028s ]
INFO: [ view_filter ] --START--
INFO: ContentReplace Behavior ::run [ RunTime:0.001150s ]
INFO: TokenBuild Behavior ::run [ RunTime:0.001264s ]
INFO: WriteHtmlCache Behavior ::run [ RunTime:0.000894s ]
INFO: ShowRuntime Behavior ::run [ RunTime:0.001648s ]
INFO: [ view_filter ] --END-- [ RunTime:0.005856s ]
INFO: [ view_end ] --START--
INFO: ShowPageTrace Behavior ::run [ RunTime:0.002110s ]
INFO: [ view_end ] --END-- [ RunTime:0.002433s ]

[ 2016-06-13T19:00:06+08:00 ] 127.0.0.1 /law_office/index.php/Admin/Smar
INFO: [ route_check ] --START--
INFO: CheckRoute Behavior ::run [ RunTime:0.002265s ]
INFO: [ route_check ] --END-- [ RunTime:0.002615s ]
INFO: [ app_begin ] --START--
INFO: ReadHtmlCache Behavior ::run [ RunTime:0.001589s ]
INFO: [ app_begin ] --END-- [ RunTime:0.001895s ]
NOTIC: [8] A session had already been started - ignoring session_start() E:\wamp\www\myphp\law_office\APP\Modules\Admin\Action\SmarAction.class.php 第 2 行.
INFO: [ view_parse ] --START--

[ 2016-06-13T19:00:11+08:00 ] 127.0.0.1 /law_office/index.php/Admin/Smar
INFO: [ route_check ] --START--
INFO: CheckRoute Behavior ::run [ RunTime:0.002297s ]
INFO: [ route_check ] --END-- [ RunTime:0.002653s ]
INFO: [ app_begin ] --START--
INFO: ReadHtmlCache Behavior ::run [ RunTime:0.002035s ]
INFO: [ app_begin ] --END-- [ RunTime:0.002582s ]
NOTIC: [8] A session had already been started - ignoring session_start() E:\wamp\www\myphp\law_office\APP\Modules\Admin\Action\SmarAction.class.php 第 2 行.
INFO: [ view_parse ] --START--
INFO: ParseTemplate Behavior ::run [ RunTime:0.019943s ]
INFO: [ view_parse ] --END-- [ RunTime:0.020300s ]
INFO: [ view_filter ] --START--
INFO: ContentReplace Behavior ::run [ RunTime:0.001177s ]
INFO: TokenBuild Behavior ::run [ RunTime:0.001256s ]
INFO: WriteHtmlCache Behavior ::run [ RunTime:0.000854s ]
INFO: ShowRuntime Behavior ::run [ RunTime:0.001446s ]
INFO: [ view_filter ] --END-- [ RunTime:0.005548s ]
INFO: [ view_end ] --START--
INFO: ShowPageTrace Behavior ::run [ RunTime:0.001681s ]
INFO: [ view_end ] --END-- [ RunTime:0.001984s ]

[ 2016-06-13T19:11:59+08:00 ] 127.0.0.1 /law_office/index.php/Admin/Smar
INFO: [ route_check ] --START--
INFO: CheckRoute Behavior ::run [ RunTime:0.003475s ]
INFO: [ route_check ] --END-- [ RunTime:0.003898s ]
INFO: [ app_begin ] --START--
INFO: ReadHtmlCache Behavior ::run [ RunTime:0.002252s ]
INFO: [ app_begin ] --END-- [ RunTime:0.002726s ]
NOTIC: [8] A session had already been started - ignoring session_start() E:\wamp\www\myphp\law_office\APP\Modules\Admin\Action\SmarAction.class.php 第 2 行.
INFO: [ view_parse ] --START--
INFO: ParseTemplate Behavior ::run [ RunTime:0.026734s ]
INFO: [ view_parse ] --END-- [ RunTime:0.027106s ]
INFO: [ view_filter ] --START--
INFO: ContentReplace Behavior ::run [ RunTime:0.001618s ]
INFO: TokenBuild Behavior ::run [ RunTime:0.001639s ]
INFO: WriteHtmlCache Behavior ::run [ RunTime:0.001266s ]
INFO: ShowRuntime Behavior ::run [ RunTime:0.001845s ]
INFO: [ view_filter ] --END-- [ RunTime:0.007210s ]
INFO: [ view_end ] --START--
INFO: ShowPageTrace Behavior ::run [ RunTime:0.002973s ]
INFO: [ view_end ] --END-- [ RunTime:0.003588s ]

[ 2016-06-13T19:16:52+08:00 ] 127.0.0.1 /law_office/index.php/Admin/Smar
INFO: [ route_check ] --START--
INFO: CheckRoute Behavior ::run [ RunTime:0.002842s ]
INFO: [ route_check ] --END-- [ RunTime:0.003250s ]
INFO: [ app_begin ] --START--
INFO: ReadHtmlCache Behavior ::run [ RunTime:0.002037s ]
INFO: [ app_begin ] --END-- [ RunTime:0.002408s ]
NOTIC: [8] A session had already been started - ignoring session_start() E:\wamp\www\myphp\law_office\APP\Modules\Admin\Action\SmarAction.class.php 第 2 行.
INFO: [ view_parse ] --START--

[ 2016-06-13T19:20:16+08:00 ] 127.0.0.1 /law_office/index.php/Admin/Smar
INFO: [ route_check ] --START--
INFO: CheckRoute Behavior ::run [ RunTime:0.002899s ]
INFO: [ route_check ] --END-- [ RunTime:0.003283s ]
INFO: [ app_begin ] --START--
INFO: ReadHtmlCache Behavior ::run [ RunTime:0.002154s ]
INFO: [ app_begin ] --END-- [ RunTime:0.002560s ]
NOTIC: [8] A session had already been started - ignoring session_start() E:\wamp\www\myphp\law_office\APP\Modules\Admin\Action\SmarAction.class.php 第 2 行.
INFO: [ view_parse ] --START--

[ 2016-06-13T19:20:23+08:00 ] 127.0.0.1 /law_office/index.php/Admin/Smar
INFO: [ route_check ] --START--
INFO: CheckRoute Behavior ::run [ RunTime:0.002059s ]
INFO: [ route_check ] --END-- [ RunTime:0.002403s ]
INFO: [ app_begin ] --START--
INFO: ReadHtmlCache Behavior ::run [ RunTime:0.001619s ]
INFO: [ app_begin ] --END-- [ RunTime:0.001935s ]
NOTIC: [8] A session had already been started - ignoring session_start() E:\wamp\www\myphp\law_office\APP\Modules\Admin\Action\SmarAction.class.php 第 2 行.
INFO: [ view_parse ] --START--

[ 2016-06-13T19:20:56+08:00 ] 127.0.0.1 /law_office/index.php/Admin/Smar
INFO: [ route_check ] --START--
INFO: CheckRoute Behavior ::run [ RunTime:0.002032s ]
INFO: [ route_check ] --END-- [ RunTime:0.002378s ]
INFO: [ app_begin ] --START--
INFO: ReadHtmlCache Behavior ::run [ RunTime:0.001570s ]
INFO: [ app_begin ] --END-- [ RunTime:0.001870s ]
NOTIC: [8] A session had already been started - ignoring session_start() E:\wamp\www\myphp\law_office\APP\Modules\Admin\Action\SmarAction.class.php 第 2 行.
INFO: [ view_parse ] --START--

[ 2016-06-13T19:20:58+08:00 ] 127.0.0.1 /law_office/index.php/Admin/Smar
INFO: [ route_check ] --START--
INFO: CheckRoute Behavior ::run [ RunTime:0.002229s ]
INFO: [ route_check ] --END-- [ RunTime:0.002694s ]
INFO: [ app_begin ] --START--
INFO: ReadHtmlCache Behavior ::run [ RunTime:0.002045s ]
INFO: [ app_begin ] --END-- [ RunTime:0.002458s ]
NOTIC: [8] A session had already been started - ignoring session_start() E:\wamp\www\myphp\law_office\APP\Modules\Admin\Action\SmarAction.class.php 第 2 行.
INFO: [ view_parse ] --START--
INFO: ParseTemplate Behavior ::run [ RunTime:0.028838s ]
INFO: [ view_parse ] --END-- [ RunTime:0.029327s ]
INFO: [ view_filter ] --START--
INFO: ContentReplace Behavior ::run [ RunTime:0.002096s ]
INFO: TokenBuild Behavior ::run [ RunTime:0.002408s ]
INFO: WriteHtmlCache Behavior ::run [ RunTime:0.001760s ]
INFO: ShowRuntime Behavior ::run [ RunTime:0.002806s ]
INFO: [ view_filter ] --END-- [ RunTime:0.010341s ]
INFO: [ view_end ] --START--
INFO: ShowPageTrace Behavior ::run [ RunTime:0.003753s ]
INFO: [ view_end ] --END-- [ RunTime:0.004297s ]

[ 2016-06-13T19:21:01+08:00 ] 127.0.0.1 /law_office/index.php/Admin/Smar
INFO: [ route_check ] --START--
INFO: CheckRoute Behavior ::run [ RunTime:0.003247s ]
INFO: [ route_check ] --END-- [ RunTime:0.003931s ]
INFO: [ app_begin ] --START--
INFO: ReadHtmlCache Behavior ::run [ RunTime:0.002425s ]
INFO: [ app_begin ] --END-- [ RunTime:0.002893s ]
NOTIC: [8] A session had already been started - ignoring session_start() E:\wamp\www\myphp\law_office\APP\Modules\Admin\Action\SmarAction.class.php 第 2 行.
INFO: [ view_parse ] --START--

[ 2016-06-13T19:21:09+08:00 ] 127.0.0.1 /law_office/index.php/Admin/Smar
INFO: [ route_check ] --START--
INFO: CheckRoute Behavior ::run [ RunTime:0.003314s ]
INFO: [ route_check ] --END-- [ RunTime:0.003794s ]
INFO: [ app_begin ] --START--
INFO: ReadHtmlCache Behavior ::run [ RunTime:0.001947s ]
INFO: [ app_begin ] --END-- [ RunTime:0.002291s ]
NOTIC: [8] A session had already been started - ignoring session_start() E:\wamp\www\myphp\law_office\APP\Modules\Admin\Action\SmarAction.class.php 第 2 行.
INFO: [ view_parse ] --START--

[ 2016-06-13T19:21:13+08:00 ] 127.0.0.1 /law_office/index.php/Admin/Smar
INFO: [ route_check ] --START--
INFO: CheckRoute Behavior ::run [ RunTime:0.002108s ]
INFO: [ route_check ] --END-- [ RunTime:0.002503s ]
INFO: [ app_begin ] --START--
INFO: ReadHtmlCache Behavior ::run [ RunTime:0.001603s ]
INFO: [ app_begin ] --END-- [ RunTime:0.001913s ]
NOTIC: [8] A session had already been started - ignoring session_start() E:\wamp\www\myphp\law_office\APP\Modules\Admin\Action\SmarAction.class.php 第 2 行.
INFO: [ view_parse ] --START--
INFO: ParseTemplate Behavior ::run [ RunTime:0.019517s ]
INFO: [ view_parse ] --END-- [ RunTime:0.019857s ]
INFO: [ view_filter ] --START--
INFO: ContentReplace Behavior ::run [ RunTime:0.001210s ]
INFO: TokenBuild Behavior ::run [ RunTime:0.001288s ]
INFO: WriteHtmlCache Behavior ::run [ RunTime:0.001117s ]
INFO: ShowRuntime Behavior ::run [ RunTime:0.001517s ]
INFO: [ view_filter ] --END-- [ RunTime:0.006041s ]
INFO: [ view_end ] --START--
INFO: ShowPageTrace Behavior ::run [ RunTime:0.001749s ]
INFO: [ view_end ] --END-- [ RunTime:0.002054s ]

[ 2016-06-13T19:21:19+08:00 ] 127.0.0.1 /law_office/index.php/Admin/Smar
INFO: [ route_check ] --START--
INFO: CheckRoute Behavior ::run [ RunTime:0.002006s ]
INFO: [ route_check ] --END-- [ RunTime:0.002343s ]
INFO: [ app_begin ] --START--
INFO: ReadHtmlCache Behavior ::run [ RunTime:0.001532s ]
INFO: [ app_begin ] --END-- [ RunTime:0.001830s ]
NOTIC: [8] A session had already been started - ignoring session_start() E:\wamp\www\myphp\law_office\APP\Modules\Admin\Action\SmarAction.class.php 第 2 行.
INFO: [ view_parse ] --START--

[ 2016-06-13T19:21:20+08:00 ] 127.0.0.1 /law_office/index.php/Admin/Smar
INFO: [ route_check ] --START--
INFO: CheckRoute Behavior ::run [ RunTime:0.002087s ]
INFO: [ route_check ] --END-- [ RunTime:0.002479s ]
INFO: [ app_begin ] --START--
INFO: ReadHtmlCache Behavior ::run [ RunTime:0.001551s ]
INFO: [ app_begin ] --END-- [ RunTime:0.001855s ]
NOTIC: [8] A session had already been started - ignoring session_start() E:\wamp\www\myphp\law_office\APP\Modules\Admin\Action\SmarAction.class.php 第 2 行.
INFO: [ view_parse ] --START--

[ 2016-06-13T19:21:21+08:00 ] 127.0.0.1 /law_office/index.php/Admin/Smar
INFO: [ route_check ] --START--
INFO: CheckRoute Behavior ::run [ RunTime:0.004025s ]
INFO: [ route_check ] --END-- [ RunTime:0.004604s ]
INFO: [ app_begin ] --START--
INFO: ReadHtmlCache Behavior ::run [ RunTime:0.001812s ]
INFO: [ app_begin ] --END-- [ RunTime:0.002290s ]
NOTIC: [8] A session had already been started - ignoring session_start() E:\wamp\www\myphp\law_office\APP\Modules\Admin\Action\SmarAction.class.php 第 2 行.
INFO: [ view_parse ] --START--

[ 2016-06-13T19:21:56+08:00 ] 127.0.0.1 /law_office/index.php/Admin/Smar
INFO: [ route_check ] --START--
INFO: CheckRoute Behavior ::run [ RunTime:0.002266s ]
INFO: [ route_check ] --END-- [ RunTime:0.002634s ]
INFO: [ app_begin ] --START--
INFO: ReadHtmlCache Behavior ::run [ RunTime:0.001686s ]
INFO: [ app_begin ] --END-- [ RunTime:0.002073s ]
NOTIC: [8] A session had already been started - ignoring session_start() E:\wamp\www\myphp\law_office\APP\Modules\Admin\Action\SmarAction.class.php 第 2 行.
INFO: [ view_parse ] --START--
INFO: ParseTemplate Behavior ::run [ RunTime:0.019830s ]
INFO: [ view_parse ] --END-- [ RunTime:0.020166s ]
INFO: [ view_filter ] --START--
INFO: ContentReplace Behavior ::run [ RunTime:0.001145s ]
INFO: TokenBuild Behavior ::run [ RunTime:0.001290s ]
INFO: WriteHtmlCache Behavior ::run [ RunTime:0.000978s ]
INFO: ShowRuntime Behavior ::run [ RunTime:0.001528s ]
INFO: [ view_filter ] --END-- [ RunTime:0.005848s ]
INFO: [ view_end ] --START--
INFO: ShowPageTrace Behavior ::run [ RunTime:0.001780s ]
INFO: [ view_end ] --END-- [ RunTime:0.002075s ]

