[ 2016-07-25T20:15:53+08:00 ] 0.0.0.0 /law_office/
INFO: [ app_begin ] --START--
INFO: ReadHtmlCache Behavior ::run [ RunTime:0.021972s ]
INFO: [ app_begin ] --END-- [ RunTime:0.022289s ]
NOTIC: [8] A session had already been started - ignoring session_start() D:\Demophp\law_office\APP\Modules\Admin\Action\IndexAction.class.php 第 5 行.
INFO: [ view_parse ] --START--
INFO: ParseTemplate Behavior ::run [ RunTime:0.113200s ]
INFO: [ view_parse ] --END-- [ RunTime:0.113526s ]
INFO: [ view_filter ] --START--
INFO: ContentReplace Behavior ::run [ RunTime:0.011012s ]
INFO: TokenBuild Behavior ::run [ RunTime:0.002079s ]
INFO: WriteHtmlCache Behavior ::run [ RunTime:0.001563s ]
INFO: ShowRuntime Behavior ::run [ RunTime:0.001927s ]
INFO: [ view_filter ] --END-- [ RunTime:0.017348s ]
INFO: [ view_end ] --START--
INFO: ShowPageTrace Behavior ::run [ RunTime:0.022055s ]
INFO: [ view_end ] --END-- [ RunTime:0.022376s ]

[ 2016-07-25T20:16:00+08:00 ] 0.0.0.0 /law_office/index.php/Admin/Index/login
INFO: [ route_check ] --START--
INFO: CheckRoute Behavior ::run [ RunTime:0.099665s ]
INFO: [ route_check ] --END-- [ RunTime:0.099819s ]
INFO: [ app_begin ] --START--
INFO: ReadHtmlCache Behavior ::run [ RunTime:0.001046s ]
INFO: [ app_begin ] --END-- [ RunTime:0.001182s ]
NOTIC: [8] A session had already been started - ignoring session_start() D:\Demophp\law_office\APP\Modules\Admin\Action\IndexAction.class.php 第 5 行.
SQL: SHOW COLUMNS FROM `law_user` [ RunTime:0.022174s ]
SQL: SELECT * FROM `law_user`  [ RunTime:0.000689s ]
INFO: [ view_parse ] --START--
INFO: ParseTemplate Behavior ::run [ RunTime:0.026354s ]
INFO: [ view_parse ] --END-- [ RunTime:0.026649s ]
INFO: [ view_filter ] --START--
INFO: ContentReplace Behavior ::run [ RunTime:0.001661s ]
INFO: TokenBuild Behavior ::run [ RunTime:0.001310s ]
INFO: WriteHtmlCache Behavior ::run [ RunTime:0.000972s ]
INFO: ShowRuntime Behavior ::run [ RunTime:0.001451s ]
INFO: [ view_filter ] --END-- [ RunTime:0.006087s ]
INFO: [ view_end ] --START--
INFO: ShowPageTrace Behavior ::run [ RunTime:0.001765s ]
INFO: [ view_end ] --END-- [ RunTime:0.002644s ]

[ 2016-07-25T20:16:13+08:00 ] 0.0.0.0 /law_office/index.php/Admin/Index/login
INFO: [ route_check ] --START--
INFO: CheckRoute Behavior ::run [ RunTime:0.001063s ]
INFO: [ route_check ] --END-- [ RunTime:0.001273s ]
INFO: [ app_begin ] --START--
INFO: ReadHtmlCache Behavior ::run [ RunTime:0.000587s ]
INFO: [ app_begin ] --END-- [ RunTime:0.000714s ]
NOTIC: [8] A session had already been started - ignoring session_start() D:\Demophp\law_office\APP\Modules\Admin\Action\IndexAction.class.php 第 5 行.
SQL: SHOW COLUMNS FROM `law_user` [ RunTime:0.003840s ]
SQL: SELECT * FROM `law_user`  [ RunTime:0.000884s ]
INFO: [ view_parse ] --START--
INFO: ParseTemplate Behavior ::run [ RunTime:0.007298s ]
INFO: [ view_parse ] --END-- [ RunTime:0.007445s ]
INFO: [ view_filter ] --START--
INFO: ContentReplace Behavior ::run [ RunTime:0.000407s ]
INFO: TokenBuild Behavior ::run [ RunTime:0.000393s ]
INFO: WriteHtmlCache Behavior ::run [ RunTime:0.000260s ]
INFO: ShowRuntime Behavior ::run [ RunTime:0.000530s ]
INFO: [ view_filter ] --END-- [ RunTime:0.001876s ]
INFO: [ view_end ] --START--
INFO: ShowPageTrace Behavior ::run [ RunTime:0.000762s ]
INFO: [ view_end ] --END-- [ RunTime:0.000900s ]
NOTIC: [8] Constant THEME_PATH already defined D:\Demophp\law_office\ThinkPHP\Lib\Core\View.class.php 第 151 行.
NOTIC: [8] Constant APP_TMPL_PATH already defined D:\Demophp\law_office\ThinkPHP\Lib\Core\View.class.php 第 152 行.
INFO: [ view_parse ] --START--
INFO: ParseTemplate Behavior ::run [ RunTime:0.002681s ]
INFO: [ view_parse ] --END-- [ RunTime:-0.003575s ]
INFO: [ view_filter ] --START--
INFO: ContentReplace Behavior ::run [ RunTime:0.000095s ]
INFO: TokenBuild Behavior ::run [ RunTime:0.000083s ]
INFO: WriteHtmlCache Behavior ::run [ RunTime:0.000026s ]
INFO: ShowRuntime Behavior ::run [ RunTime:0.000142s ]
INFO: [ view_filter ] --END-- [ RunTime:-0.004533s ]
INFO: [ view_end ] --START--
INFO: ShowPageTrace Behavior ::run [ RunTime:0.000066s ]
INFO: [ view_end ] --END-- [ RunTime:-0.004160s ]

[ 2016-07-25T20:16:14+08:00 ] 0.0.0.0 /law_office/index.php/Content/index
INFO: [ route_check ] --START--
INFO: CheckRoute Behavior ::run [ RunTime:0.001571s ]
INFO: [ route_check ] --END-- [ RunTime:0.001857s ]
INFO: [ app_begin ] --START--
INFO: ReadHtmlCache Behavior ::run [ RunTime:0.000938s ]
INFO: [ app_begin ] --END-- [ RunTime:0.001123s ]
INFO: [ view_parse ] --START--
INFO: ParseTemplate Behavior ::run [ RunTime:0.039202s ]
INFO: [ view_parse ] --END-- [ RunTime:0.039751s ]
INFO: [ view_filter ] --START--
INFO: ContentReplace Behavior ::run [ RunTime:0.001204s ]
INFO: TokenBuild Behavior ::run [ RunTime:0.001149s ]
INFO: WriteHtmlCache Behavior ::run [ RunTime:0.000801s ]
INFO: ShowRuntime Behavior ::run [ RunTime:0.001357s ]
INFO: [ view_filter ] --END-- [ RunTime:0.005329s ]
INFO: [ view_end ] --START--
INFO: ShowPageTrace Behavior ::run [ RunTime:0.001719s ]
INFO: [ view_end ] --END-- [ RunTime:0.002021s ]

[ 2016-07-25T20:16:14+08:00 ] 0.0.0.0 /law_office/index.php/Content/show.html
INFO: [ route_check ] --START--
INFO: CheckRoute Behavior ::run [ RunTime:0.002227s ]
INFO: [ route_check ] --END-- [ RunTime:0.002540s ]
INFO: [ app_begin ] --START--
INFO: ReadHtmlCache Behavior ::run [ RunTime:0.001702s ]
INFO: [ app_begin ] --END-- [ RunTime:0.001997s ]
NOTIC: [8] Constant THEME_NAME already defined D:\Demophp\law_office\ThinkPHP\Lib\Core\View.class.php 第 223 行.
NOTIC: [8] Constant THEME_PATH already defined D:\Demophp\law_office\ThinkPHP\Lib\Core\View.class.php 第 171 行.
NOTIC: [8] Constant APP_TMPL_PATH already defined D:\Demophp\law_office\ThinkPHP\Lib\Core\View.class.php 第 172 行.
INFO: [ view_parse ] --START--
INFO: ParseTemplate Behavior ::run [ RunTime:0.011012s ]
INFO: [ view_parse ] --END-- [ RunTime:0.011277s ]
INFO: [ view_filter ] --START--
INFO: ContentReplace Behavior ::run [ RunTime:0.000606s ]
INFO: TokenBuild Behavior ::run [ RunTime:0.000730s ]
INFO: WriteHtmlCache Behavior ::run [ RunTime:0.000428s ]
INFO: ShowRuntime Behavior ::run [ RunTime:0.000776s ]
INFO: [ view_filter ] --END-- [ RunTime:0.002973s ]
INFO: [ view_end ] --START--
INFO: ShowPageTrace Behavior ::run [ RunTime:0.000896s ]
INFO: [ view_end ] --END-- [ RunTime:0.001050s ]

[ 2016-07-25T20:17:39+08:00 ] 0.0.0.0 /law_office/index.php/Admin/Blog/index
INFO: [ route_check ] --START--
INFO: CheckRoute Behavior ::run [ RunTime:0.005502s ]
INFO: [ route_check ] --END-- [ RunTime:0.006651s ]
INFO: [ app_begin ] --START--
INFO: ReadHtmlCache Behavior ::run [ RunTime:0.001746s ]
INFO: [ app_begin ] --END-- [ RunTime:0.002058s ]
NOTIC: [8] A session had already been started - ignoring session_start() D:\Demophp\law_office\APP\Modules\Admin\Action\BlogAction.class.php 第 3 行.
SQL: SHOW COLUMNS FROM `law_blog` [ RunTime:0.018717s ]
SQL: SELECT COUNT(*) AS tp_count FROM `law_blog` WHERE ( `del` = 0 ) LIMIT 1   [ RunTime:0.001281s ]
SQL: SELECT * FROM `law_blog` WHERE ( `del` = 0 ) ORDER BY time DESC LIMIT 0,24   [ RunTime:0.001139s ]
SQL: SELECT * FROM `law_blog` WHERE ( `del` = 0 ) ORDER BY time DESC LIMIT 0,4   [ RunTime:0.000733s ]
INFO: [ view_parse ] --START--
INFO: ParseTemplate Behavior ::run [ RunTime:0.069397s ]
INFO: [ view_parse ] --END-- [ RunTime:0.070166s ]
INFO: [ view_filter ] --START--
INFO: ContentReplace Behavior ::run [ RunTime:0.001773s ]
INFO: TokenBuild Behavior ::run [ RunTime:0.001807s ]
INFO: WriteHtmlCache Behavior ::run [ RunTime:0.001145s ]
INFO: ShowRuntime Behavior ::run [ RunTime:0.003423s ]
INFO: [ view_filter ] --END-- [ RunTime:0.009298s ]
INFO: [ view_end ] --START--
INFO: ShowPageTrace Behavior ::run [ RunTime:0.003046s ]
INFO: [ view_end ] --END-- [ RunTime:0.003497s ]

[ 2016-07-25T20:19:24+08:00 ] 0.0.0.0 /law_office/index.php/Admin/Law/lawyerIndex
INFO: [ route_check ] --START--
INFO: CheckRoute Behavior ::run [ RunTime:0.000609s ]
INFO: [ route_check ] --END-- [ RunTime:0.000725s ]
INFO: [ app_begin ] --START--
INFO: ReadHtmlCache Behavior ::run [ RunTime:0.000469s ]
INFO: [ app_begin ] --END-- [ RunTime:0.000564s ]
NOTIC: [8] Undefined index: id D:\Demophp\law_office\APP\Modules\Admin\Action\LawAction.class.php 第 10 行.
SQL: SHOW COLUMNS FROM `law_lawyer` [ RunTime:0.020014s ]
SQL: SELECT COUNT(*) AS tp_count FROM `law_lawyer` WHERE ( `del` = 0 ) LIMIT 1   [ RunTime:0.000274s ]
SQL: SELECT * FROM `law_lawyer` WHERE ( `del` = 0 ) LIMIT 0,3   [ RunTime:0.000238s ]
INFO: [ view_parse ] --START--
INFO: ParseTemplate Behavior ::run [ RunTime:0.025152s ]
INFO: [ view_parse ] --END-- [ RunTime:0.025277s ]
INFO: [ view_filter ] --START--
INFO: ContentReplace Behavior ::run [ RunTime:0.000465s ]
INFO: TokenBuild Behavior ::run [ RunTime:0.000373s ]
INFO: WriteHtmlCache Behavior ::run [ RunTime:0.000245s ]
INFO: ShowRuntime Behavior ::run [ RunTime:0.000431s ]
INFO: [ view_filter ] --END-- [ RunTime:0.001777s ]
INFO: [ view_end ] --START--
INFO: ShowPageTrace Behavior ::run [ RunTime:0.000494s ]
INFO: [ view_end ] --END-- [ RunTime:0.000582s ]

[ 2016-07-25T20:20:08+08:00 ] 0.0.0.0 /law_office/index.php/Admin/Manage/index
INFO: [ route_check ] --START--
INFO: CheckRoute Behavior ::run [ RunTime:0.001022s ]
INFO: [ route_check ] --END-- [ RunTime:0.001191s ]
INFO: [ app_begin ] --START--
INFO: ReadHtmlCache Behavior ::run [ RunTime:0.000727s ]
INFO: [ app_begin ] --END-- [ RunTime:0.000879s ]
NOTIC: [8] A session had already been started - ignoring session_start() D:\Demophp\law_office\APP\Modules\Admin\Action\ManageAction.class.php 第 3 行.
SQL: SHOW COLUMNS FROM `law_user` [ RunTime:0.003452s ]
SQL: SELECT * FROM `law_user`  [ RunTime:0.000302s ]
INFO: [ view_parse ] --START--
NOTIC: [8] Undefined variable: page D:\Demophp\law_office\APP\Runtime\Cache\Admin\007c228fb2405b20e6ef56eb209e6aa5.php 第 35 行.
INFO: ParseTemplate Behavior ::run [ RunTime:0.010618s ]
INFO: [ view_parse ] --END-- [ RunTime:0.010770s ]
INFO: [ view_filter ] --START--
INFO: ContentReplace Behavior ::run [ RunTime:0.000700s ]
INFO: TokenBuild Behavior ::run [ RunTime:0.000704s ]
INFO: WriteHtmlCache Behavior ::run [ RunTime:0.000506s ]
INFO: ShowRuntime Behavior ::run [ RunTime:0.000898s ]
INFO: [ view_filter ] --END-- [ RunTime:0.003236s ]
INFO: [ view_end ] --START--
INFO: ShowPageTrace Behavior ::run [ RunTime:0.000991s ]
INFO: [ view_end ] --END-- [ RunTime:0.001124s ]

[ 2016-07-25T20:23:38+08:00 ] 0.0.0.0 /law_office/index.php/Admin/Content/logout
INFO: [ route_check ] --START--
INFO: CheckRoute Behavior ::run [ RunTime:0.000778s ]
INFO: [ route_check ] --END-- [ RunTime:0.000895s ]
INFO: [ app_begin ] --START--
INFO: ReadHtmlCache Behavior ::run [ RunTime:0.000530s ]
INFO: [ app_begin ] --END-- [ RunTime:0.000623s ]

[ 2016-07-25T20:23:38+08:00 ] 0.0.0.0 /law_office/index.php/Admin/Index/index
INFO: [ route_check ] --START--
INFO: CheckRoute Behavior ::run [ RunTime:0.000605s ]
INFO: [ route_check ] --END-- [ RunTime:0.000715s ]
INFO: [ app_begin ] --START--
INFO: ReadHtmlCache Behavior ::run [ RunTime:0.000468s ]
INFO: [ app_begin ] --END-- [ RunTime:0.000566s ]
NOTIC: [8] A session had already been started - ignoring session_start() D:\Demophp\law_office\APP\Modules\Admin\Action\IndexAction.class.php 第 5 行.
INFO: [ view_parse ] --START--
INFO: ParseTemplate Behavior ::run [ RunTime:0.006290s ]
INFO: [ view_parse ] --END-- [ RunTime:0.006402s ]
INFO: [ view_filter ] --START--
INFO: ContentReplace Behavior ::run [ RunTime:0.000435s ]
INFO: TokenBuild Behavior ::run [ RunTime:0.000438s ]
INFO: WriteHtmlCache Behavior ::run [ RunTime:0.000356s ]
INFO: ShowRuntime Behavior ::run [ RunTime:0.000512s ]
INFO: [ view_filter ] --END-- [ RunTime:0.001994s ]
INFO: [ view_end ] --START--
INFO: ShowPageTrace Behavior ::run [ RunTime:0.000585s ]
INFO: [ view_end ] --END-- [ RunTime:0.000674s ]

[ 2016-07-25T20:23:43+08:00 ] 0.0.0.0 /law_office/index.php/Admin/Index/index.php/Register
INFO: [ route_check ] --START--
INFO: CheckRoute Behavior ::run [ RunTime:0.000912s ]
INFO: [ route_check ] --END-- [ RunTime:0.001073s ]
INFO: [ app_begin ] --START--
INFO: ReadHtmlCache Behavior ::run [ RunTime:0.001123s ]
INFO: [ app_begin ] --END-- [ RunTime:0.001294s ]
NOTIC: [8] A session had already been started - ignoring session_start() D:\Demophp\law_office\APP\Modules\Admin\Action\IndexAction.class.php 第 5 行.
ERR: 非法操作:index.php

[ 2016-07-25T20:23:56+08:00 ] 0.0.0.0 /law_office/index.php/Admin/Index/index.php/Register
INFO: [ route_check ] --START--
INFO: CheckRoute Behavior ::run [ RunTime:0.000630s ]
INFO: [ route_check ] --END-- [ RunTime:0.000742s ]
INFO: [ app_begin ] --START--
INFO: ReadHtmlCache Behavior ::run [ RunTime:0.000467s ]
INFO: [ app_begin ] --END-- [ RunTime:0.000561s ]
NOTIC: [8] A session had already been started - ignoring session_start() D:\Demophp\law_office\APP\Modules\Admin\Action\IndexAction.class.php 第 5 行.
ERR: 非法操作:index.php

[ 2016-07-25T20:24:40+08:00 ] 0.0.0.0 /law_office/index.php/Admin/Index/login
INFO: [ route_check ] --START--
INFO: CheckRoute Behavior ::run [ RunTime:0.000784s ]
INFO: [ route_check ] --END-- [ RunTime:0.000899s ]
INFO: [ app_begin ] --START--
INFO: ReadHtmlCache Behavior ::run [ RunTime:0.000553s ]
INFO: [ app_begin ] --END-- [ RunTime:0.000657s ]
NOTIC: [8] A session had already been started - ignoring session_start() D:\Demophp\law_office\APP\Modules\Admin\Action\IndexAction.class.php 第 5 行.
SQL: SHOW COLUMNS FROM `law_user` [ RunTime:0.002664s ]
SQL: SELECT * FROM `law_user`  [ RunTime:0.000327s ]
INFO: [ view_parse ] --START--
INFO: ParseTemplate Behavior ::run [ RunTime:0.008635s ]
INFO: [ view_parse ] --END-- [ RunTime:0.008872s ]
INFO: [ view_filter ] --START--
INFO: ContentReplace Behavior ::run [ RunTime:0.000624s ]
INFO: TokenBuild Behavior ::run [ RunTime:0.000467s ]
INFO: WriteHtmlCache Behavior ::run [ RunTime:0.000412s ]
INFO: ShowRuntime Behavior ::run [ RunTime:0.001050s ]
INFO: [ view_filter ] --END-- [ RunTime:0.002924s ]
INFO: [ view_end ] --START--
INFO: ShowPageTrace Behavior ::run [ RunTime:0.001352s ]
INFO: [ view_end ] --END-- [ RunTime:0.001523s ]

[ 2016-07-25T20:24:46+08:00 ] 0.0.0.0 /law_office/index.php/Admin/Index/login
INFO: [ route_check ] --START--
INFO: CheckRoute Behavior ::run [ RunTime:0.000904s ]
INFO: [ route_check ] --END-- [ RunTime:0.001071s ]
INFO: [ app_begin ] --START--
INFO: ReadHtmlCache Behavior ::run [ RunTime:0.000678s ]
INFO: [ app_begin ] --END-- [ RunTime:0.000812s ]
NOTIC: [8] A session had already been started - ignoring session_start() D:\Demophp\law_office\APP\Modules\Admin\Action\IndexAction.class.php 第 5 行.
SQL: SHOW COLUMNS FROM `law_user` [ RunTime:0.002574s ]
SQL: SELECT * FROM `law_user`  [ RunTime:0.000243s ]
INFO: [ view_parse ] --START--
INFO: ParseTemplate Behavior ::run [ RunTime:0.009723s ]
INFO: [ view_parse ] --END-- [ RunTime:0.009852s ]
INFO: [ view_filter ] --START--
INFO: ContentReplace Behavior ::run [ RunTime:0.000362s ]
INFO: TokenBuild Behavior ::run [ RunTime:0.000385s ]
INFO: WriteHtmlCache Behavior ::run [ RunTime:0.000250s ]
INFO: ShowRuntime Behavior ::run [ RunTime:0.000430s ]
INFO: [ view_filter ] --END-- [ RunTime:0.001676s ]
INFO: [ view_end ] --START--
INFO: ShowPageTrace Behavior ::run [ RunTime:0.000489s ]
INFO: [ view_end ] --END-- [ RunTime:0.000576s ]
NOTIC: [8] Constant THEME_PATH already defined D:\Demophp\law_office\ThinkPHP\Lib\Core\View.class.php 第 151 行.
NOTIC: [8] Constant APP_TMPL_PATH already defined D:\Demophp\law_office\ThinkPHP\Lib\Core\View.class.php 第 152 行.
INFO: [ view_parse ] --START--
INFO: ParseTemplate Behavior ::run [ RunTime:0.003029s ]
INFO: [ view_parse ] --END-- [ RunTime:-0.002745s ]
INFO: [ view_filter ] --START--
INFO: ContentReplace Behavior ::run [ RunTime:0.000081s ]
INFO: TokenBuild Behavior ::run [ RunTime:0.000079s ]
INFO: WriteHtmlCache Behavior ::run [ RunTime:0.000018s ]
INFO: ShowRuntime Behavior ::run [ RunTime:0.000123s ]
INFO: [ view_filter ] --END-- [ RunTime:-0.004191s ]
INFO: [ view_end ] --START--
INFO: ShowPageTrace Behavior ::run [ RunTime:0.000064s ]
INFO: [ view_end ] --END-- [ RunTime:-0.004114s ]

[ 2016-07-25T20:24:47+08:00 ] 0.0.0.0 /law_office/index.php/Content/index
INFO: [ route_check ] --START--
INFO: CheckRoute Behavior ::run [ RunTime:0.000612s ]
INFO: [ route_check ] --END-- [ RunTime:0.000726s ]
INFO: [ app_begin ] --START--
INFO: ReadHtmlCache Behavior ::run [ RunTime:0.000487s ]
INFO: [ app_begin ] --END-- [ RunTime:0.000583s ]
INFO: [ view_parse ] --START--
INFO: ParseTemplate Behavior ::run [ RunTime:0.007508s ]
INFO: [ view_parse ] --END-- [ RunTime:0.007616s ]
INFO: [ view_filter ] --START--
INFO: ContentReplace Behavior ::run [ RunTime:0.000417s ]
INFO: TokenBuild Behavior ::run [ RunTime:0.000370s ]
INFO: WriteHtmlCache Behavior ::run [ RunTime:0.000252s ]
INFO: ShowRuntime Behavior ::run [ RunTime:0.000429s ]
INFO: [ view_filter ] --END-- [ RunTime:0.001719s ]
INFO: [ view_end ] --START--
INFO: ShowPageTrace Behavior ::run [ RunTime:0.000508s ]
INFO: [ view_end ] --END-- [ RunTime:0.000597s ]

[ 2016-07-25T20:24:47+08:00 ] 0.0.0.0 /law_office/index.php/Content/show.html
INFO: [ route_check ] --START--
INFO: CheckRoute Behavior ::run [ RunTime:0.001054s ]
INFO: [ route_check ] --END-- [ RunTime:0.001244s ]
INFO: [ app_begin ] --START--
INFO: ReadHtmlCache Behavior ::run [ RunTime:0.001757s ]
INFO: [ app_begin ] --END-- [ RunTime:0.002119s ]
NOTIC: [8] Constant THEME_NAME already defined D:\Demophp\law_office\ThinkPHP\Lib\Core\View.class.php 第 223 行.
NOTIC: [8] Constant THEME_PATH already defined D:\Demophp\law_office\ThinkPHP\Lib\Core\View.class.php 第 171 行.
NOTIC: [8] Constant APP_TMPL_PATH already defined D:\Demophp\law_office\ThinkPHP\Lib\Core\View.class.php 第 172 行.
INFO: [ view_parse ] --START--
INFO: ParseTemplate Behavior ::run [ RunTime:0.008936s ]
INFO: [ view_parse ] --END-- [ RunTime:0.009119s ]
INFO: [ view_filter ] --START--
INFO: ContentReplace Behavior ::run [ RunTime:0.000572s ]
INFO: TokenBuild Behavior ::run [ RunTime:0.000588s ]
INFO: WriteHtmlCache Behavior ::run [ RunTime:0.000393s ]
INFO: ShowRuntime Behavior ::run [ RunTime:0.000711s ]
INFO: [ view_filter ] --END-- [ RunTime:0.002679s ]
INFO: [ view_end ] --START--
INFO: ShowPageTrace Behavior ::run [ RunTime:0.002234s ]
INFO: [ view_end ] --END-- [ RunTime:0.002585s ]

[ 2016-07-25T20:25:19+08:00 ] 0.0.0.0 /law_office/index.php/Admin/Content/logout
INFO: [ route_check ] --START--
INFO: CheckRoute Behavior ::run [ RunTime:0.000638s ]
INFO: [ route_check ] --END-- [ RunTime:0.000776s ]
INFO: [ app_begin ] --START--
INFO: ReadHtmlCache Behavior ::run [ RunTime:0.000466s ]
INFO: [ app_begin ] --END-- [ RunTime:0.000561s ]

[ 2016-07-25T20:25:19+08:00 ] 0.0.0.0 /law_office/index.php/Admin/Index/index
INFO: [ route_check ] --START--
INFO: CheckRoute Behavior ::run [ RunTime:0.000790s ]
INFO: [ route_check ] --END-- [ RunTime:0.000925s ]
INFO: [ app_begin ] --START--
INFO: ReadHtmlCache Behavior ::run [ RunTime:0.000459s ]
INFO: [ app_begin ] --END-- [ RunTime:0.000552s ]
NOTIC: [8] A session had already been started - ignoring session_start() D:\Demophp\law_office\APP\Modules\Admin\Action\IndexAction.class.php 第 5 行.
INFO: [ view_parse ] --START--
INFO: ParseTemplate Behavior ::run [ RunTime:0.006500s ]
INFO: [ view_parse ] --END-- [ RunTime:0.006638s ]
INFO: [ view_filter ] --START--
INFO: ContentReplace Behavior ::run [ RunTime:0.000357s ]
INFO: TokenBuild Behavior ::run [ RunTime:0.000371s ]
INFO: WriteHtmlCache Behavior ::run [ RunTime:0.000248s ]
INFO: ShowRuntime Behavior ::run [ RunTime:0.000432s ]
INFO: [ view_filter ] --END-- [ RunTime:0.001666s ]
INFO: [ view_end ] --START--
INFO: ShowPageTrace Behavior ::run [ RunTime:0.000501s ]
INFO: [ view_end ] --END-- [ RunTime:0.000589s ]

